{"/home/marek/Projects/tomb_racer/back-end/tests/Game/CreateGame.test.ts":{"path":"/home/marek/Projects/tomb_racer/back-end/tests/Game/CreateGame.test.ts","statementMap":{"0":{"start":{"line":2,"column":22},"end":{"line":4,"column":1}},"1":{"start":{"line":3,"column":4},"end":{"line":3,"column":62}},"2":{"start":{"line":5,"column":0},"end":{"line":5,"column":62}},"3":{"start":{"line":6,"column":0},"end":{"line":6,"column":17}},"4":{"start":{"line":7,"column":17},"end":{"line":7,"column":51}},"5":{"start":{"line":8,"column":15},"end":{"line":8,"column":42}},"6":{"start":{"line":9,"column":26},"end":{"line":9,"column":54}},"7":{"start":{"line":10,"column":17},"end":{"line":10,"column":44}},"8":{"start":{"line":11,"column":0},"end":{"line":83,"column":3}},"9":{"start":{"line":12,"column":16},"end":{"line":12,"column":55}},"10":{"start":{"line":13,"column":23},"end":{"line":13,"column":85}},"11":{"start":{"line":14,"column":4},"end":{"line":14,"column":34}},"12":{"start":{"line":15,"column":28},"end":{"line":20,"column":5}},"13":{"start":{"line":16,"column":8},"end":{"line":19,"column":10}},"14":{"start":{"line":17,"column":12},"end":{"line":17,"column":63}},"15":{"start":{"line":18,"column":12},"end":{"line":18,"column":24}},"16":{"start":{"line":21,"column":4},"end":{"line":48,"column":7}},"17":{"start":{"line":22,"column":8},"end":{"line":35,"column":11}},"18":{"start":{"line":23,"column":30},"end":{"line":23,"column":74}},"19":{"start":{"line":24,"column":31},"end":{"line":24,"column":75}},"20":{"start":{"line":25,"column":12},"end":{"line":34,"column":15}},"21":{"start":{"line":26,"column":16},"end":{"line":26,"column":66}},"22":{"start":{"line":27,"column":16},"end":{"line":27,"column":67}},"23":{"start":{"line":29,"column":16},"end":{"line":29,"column":60}},"24":{"start":{"line":30,"column":16},"end":{"line":30,"column":75}},"25":{"start":{"line":31,"column":16},"end":{"line":31,"column":64}},"26":{"start":{"line":32,"column":16},"end":{"line":32,"column":88}},"27":{"start":{"line":33,"column":16},"end":{"line":33,"column":28}},"28":{"start":{"line":36,"column":8},"end":{"line":47,"column":11}},"29":{"start":{"line":37,"column":28},"end":{"line":37,"column":75}},"30":{"start":{"line":38,"column":12},"end":{"line":46,"column":15}},"31":{"start":{"line":39,"column":16},"end":{"line":39,"column":86}},"32":{"start":{"line":41,"column":16},"end":{"line":41,"column":60}},"33":{"start":{"line":42,"column":16},"end":{"line":44,"column":79}},"34":{"start":{"line":45,"column":16},"end":{"line":45,"column":28}},"35":{"start":{"line":49,"column":4},"end":{"line":82,"column":7}},"36":{"start":{"line":50,"column":8},"end":{"line":55,"column":11}},"37":{"start":{"line":51,"column":29},"end":{"line":51,"column":76}},"38":{"start":{"line":52,"column":12},"end":{"line":52,"column":61}},"39":{"start":{"line":53,"column":25},"end":{"line":53,"column":60}},"40":{"start":{"line":54,"column":12},"end":{"line":54,"column":67}},"41":{"start":{"line":56,"column":8},"end":{"line":61,"column":11}},"42":{"start":{"line":57,"column":29},"end":{"line":57,"column":76}},"43":{"start":{"line":58,"column":12},"end":{"line":58,"column":61}},"44":{"start":{"line":59,"column":25},"end":{"line":59,"column":60}},"45":{"start":{"line":60,"column":12},"end":{"line":60,"column":57}},"46":{"start":{"line":62,"column":8},"end":{"line":67,"column":11}},"47":{"start":{"line":63,"column":29},"end":{"line":63,"column":76}},"48":{"start":{"line":64,"column":12},"end":{"line":64,"column":61}},"49":{"start":{"line":65,"column":25},"end":{"line":65,"column":60}},"50":{"start":{"line":66,"column":12},"end":{"line":66,"column":70}},"51":{"start":{"line":68,"column":8},"end":{"line":81,"column":11}},"52":{"start":{"line":69,"column":29},"end":{"line":69,"column":76}},"53":{"start":{"line":70,"column":34},"end":{"line":77,"column":13}},"54":{"start":{"line":78,"column":12},"end":{"line":78,"column":61}},"55":{"start":{"line":79,"column":26},"end":{"line":79,"column":65}},"56":{"start":{"line":80,"column":12},"end":{"line":80,"column":61}}},"fnMap":{"0":{"name":"(anonymous_0)","decl":{"start":{"line":2,"column":56},"end":{"line":2,"column":57}},"loc":{"start":{"line":2,"column":71},"end":{"line":4,"column":1}},"line":2},"1":{"name":"(anonymous_1)","decl":{"start":{"line":11,"column":21},"end":{"line":11,"column":22}},"loc":{"start":{"line":11,"column":27},"end":{"line":83,"column":1}},"line":11},"2":{"name":"(anonymous_2)","decl":{"start":{"line":15,"column":28},"end":{"line":15,"column":29}},"loc":{"start":{"line":15,"column":45},"end":{"line":20,"column":5}},"line":15},"3":{"name":"(anonymous_3)","decl":{"start":{"line":16,"column":15},"end":{"line":16,"column":16}},"loc":{"start":{"line":16,"column":26},"end":{"line":19,"column":9}},"line":16},"4":{"name":"(anonymous_4)","decl":{"start":{"line":21,"column":27},"end":{"line":21,"column":28}},"loc":{"start":{"line":21,"column":33},"end":{"line":48,"column":5}},"line":21},"5":{"name":"(anonymous_5)","decl":{"start":{"line":22,"column":59},"end":{"line":22,"column":60}},"loc":{"start":{"line":22,"column":65},"end":{"line":35,"column":9}},"line":22},"6":{"name":"(anonymous_6)","decl":{"start":{"line":25,"column":36},"end":{"line":25,"column":37}},"loc":{"start":{"line":25,"column":42},"end":{"line":28,"column":13}},"line":25},"7":{"name":"(anonymous_7)","decl":{"start":{"line":28,"column":15},"end":{"line":28,"column":16}},"loc":{"start":{"line":28,"column":26},"end":{"line":34,"column":13}},"line":28},"8":{"name":"(anonymous_8)","decl":{"start":{"line":36,"column":80},"end":{"line":36,"column":81}},"loc":{"start":{"line":36,"column":86},"end":{"line":47,"column":9}},"line":36},"9":{"name":"(anonymous_9)","decl":{"start":{"line":38,"column":36},"end":{"line":38,"column":37}},"loc":{"start":{"line":38,"column":42},"end":{"line":40,"column":13}},"line":38},"10":{"name":"(anonymous_10)","decl":{"start":{"line":40,"column":15},"end":{"line":40,"column":16}},"loc":{"start":{"line":40,"column":26},"end":{"line":46,"column":13}},"line":40},"11":{"name":"(anonymous_11)","decl":{"start":{"line":49,"column":35},"end":{"line":49,"column":36}},"loc":{"start":{"line":49,"column":41},"end":{"line":82,"column":5}},"line":49},"12":{"name":"(anonymous_12)","decl":{"start":{"line":50,"column":28},"end":{"line":50,"column":29}},"loc":{"start":{"line":50,"column":34},"end":{"line":55,"column":9}},"line":50},"13":{"name":"(anonymous_13)","decl":{"start":{"line":56,"column":36},"end":{"line":56,"column":37}},"loc":{"start":{"line":56,"column":42},"end":{"line":61,"column":9}},"line":56},"14":{"name":"(anonymous_14)","decl":{"start":{"line":62,"column":44},"end":{"line":62,"column":45}},"loc":{"start":{"line":62,"column":50},"end":{"line":67,"column":9}},"line":62},"15":{"name":"(anonymous_15)","decl":{"start":{"line":68,"column":48},"end":{"line":68,"column":49}},"loc":{"start":{"line":68,"column":54},"end":{"line":81,"column":9}},"line":68}},"branchMap":{"0":{"loc":{"start":{"line":2,"column":22},"end":{"line":4,"column":1}},"type":"binary-expr","locations":[{"start":{"line":2,"column":23},"end":{"line":2,"column":27}},{"start":{"line":2,"column":31},"end":{"line":2,"column":51}},{"start":{"line":2,"column":56},"end":{"line":4,"column":1}}],"line":2},"1":{"loc":{"start":{"line":3,"column":11},"end":{"line":3,"column":61}},"type":"cond-expr","locations":[{"start":{"line":3,"column":37},"end":{"line":3,"column":40}},{"start":{"line":3,"column":43},"end":{"line":3,"column":61}}],"line":3},"2":{"loc":{"start":{"line":3,"column":12},"end":{"line":3,"column":33}},"type":"binary-expr","locations":[{"start":{"line":3,"column":12},"end":{"line":3,"column":15}},{"start":{"line":3,"column":19},"end":{"line":3,"column":33}}],"line":3}},"s":{"0":1,"1":1,"2":1,"3":1,"4":1,"5":1,"6":1,"7":1,"8":1,"9":1,"10":1,"11":1,"12":1,"13":0,"14":0,"15":0,"16":1,"17":1,"18":1,"19":1,"20":1,"21":1,"22":1,"23":1,"24":1,"25":1,"26":1,"27":1,"28":1,"29":1,"30":1,"31":1,"32":1,"33":1,"34":1,"35":1,"36":1,"37":1,"38":1,"39":1,"40":1,"41":1,"42":1,"43":1,"44":1,"45":1,"46":1,"47":1,"48":1,"49":1,"50":1,"51":1,"52":1,"53":1,"54":1,"55":1,"56":1},"f":{"0":1,"1":1,"2":0,"3":0,"4":1,"5":1,"6":1,"7":1,"8":1,"9":1,"10":1,"11":1,"12":1,"13":1,"14":1,"15":1},"b":{"0":[1,1,1],"1":[0,1],"2":[1,1]},"inputSourceMap":{"version":3,"file":"/home/marek/Projects/tomb_racer/back-end/tests/Game/CreateGame.test.ts","sources":["/home/marek/Projects/tomb_racer/back-end/tests/Game/CreateGame.test.ts"],"names":[],"mappings":";;;;;AAAA,iBAAe;AACf,oDAA4B;AAC5B,2CAAmD;AACnD,uDAAoD;AACpD,6CAI0B;AAE1B,QAAQ,CAAC,UAAU,EAAE,GAAG,EAAE;IACtB,MAAM,GAAG,GAAG,IAAI,iCAAe,EAAE,CAAC;IAClC,MAAM,UAAU,GAAG,CAAC,CAAC,YAAK,CAAC,aAAa,EAAE,EAAE,YAAK,CAAC,aAAa,EAAE,CAAC,CAAC,CAAC;IAEpE,UAAU,CAAC,GAAG,CAAC,WAAW,EAAE,CAAC,CAAC;IAE9B,MAAM,eAAe,GAAG,CAAC,IAAY,EAAE,KAAa,EAAE,EAAE;QACpD,OAAO,CAAC,KAAY,EAAE,EAAE;YACpB,gBAAM,CAAC,SAAS,CAAC,KAAK,EAAE,EAAC,IAAI,EAAE,KAAK,EAAC,CAAC,CAAC;YACvC,OAAO,IAAI,CAAC;QAChB,CAAC,CAAA;IACL,CAAC,CAAA;IAED,QAAQ,CAAC,YAAY,EAAE,GAAG,EAAE;QACxB,EAAE,CAAC,8CAA8C,EAAE,GAAG,EAAE;YACpD,MAAM,SAAS,GAAG,IAAI,eAAQ,CAAC,GAAG,CAAC,UAAU,CAAC,QAAQ,CAAC,CAAC;YACxD,MAAM,UAAU,GAAG,IAAI,eAAQ,CAAC,GAAG,CAAC,UAAU,CAAC,QAAQ,CAAC,CAAC;YAEzD,gBAAM,CAAC,MAAM,CAAC,GAAG,EAAE;gBACf,GAAG,CAAC,WAAW,CAAC,UAAU,CAAC,SAAS,EAAE,UAAU,CAAC,CAAC;gBAClD,GAAG,CAAC,WAAW,CAAC,UAAU,CAAC,UAAU,EAAE,UAAU,CAAC,CAAA;YACtD,CAAC,EAAE,CAAC,KAAyB,EAAE,EAAE;gBAC7B,gBAAM,CAAC,KAAK,CAAC,KAAK,CAAC,OAAO,EAAE,IAAI,CAAC,CAAC;gBAClC,gBAAM,CAAC,KAAK,CAAC,KAAK,CAAC,QAAQ,EAAE,SAAS,CAAC,QAAQ,CAAC,CAAC;gBACjD,gBAAM,CAAC,KAAK,CAAC,KAAK,CAAC,MAAM,EAAE,SAAS,CAAC,CAAC;gBACtC,gBAAM,CAAC,KAAK,CAAC,KAAK,CAAC,IAAI,EAAE,kBAAS,CAAC,gBAAgB,CAAC,CAAA;gBACpD,OAAO,IAAI,CAAC;YAChB,CAAC,CAAC,CAAA;QACN,CAAC,CAAC,CAAA;QAEF,EAAE,CAAE,mEAAmE,EAAE,GAAG,EAAE;YAC1E,MAAM,OAAO,GAAG,IAAI,eAAQ,CAAC,GAAG,CAAC,UAAU,CAAC,WAAW,CAAC,CAAC;YAEzD,gBAAM,CAAC,MAAM,CAAC,GAAG,EAAE;gBACf,GAAG,CAAC,WAAW,CAAC,UAAU,CAAC,OAAO,EAAE,CAAC,CAAC,YAAK,CAAC,aAAa,EAAE,CAAC,CAAC,CAAC,CAAA;YAClE,CAAC,EAAE,CAAC,KAA0C,EAAE,EAAE;gBAC9C,gBAAM,CAAC,KAAK,CAAC,KAAK,CAAC,OAAO,EAAE,IAAI,CAAC,CAAC;gBAClC,gBAAM,CAAC,KAAK,CAAC,KAAK,CAAC,MAAM,EAAE,SAAS,CAAC;oBACrC,gBAAM,CAAC,KAAK,CAAC,KAAK,CAAC,IAAI,EAAE,kBAAS,CAAC,aAAa,CAAC;oBACjD,gBAAM,CAAC,KAAK,CAAC,KAAK,CAAC,yBAAyB,EAAE,CAAC,CAAC,CAAA;gBAChD,OAAO,IAAI,CAAC;YAChB,CAAC,CAAC,CAAA;QACN,CAAC,CAAC,CAAA;IACN,CAAC,CAAC,CAAA;IAEF,QAAQ,CAAC,oBAAoB,EAAE,GAAG,EAAE;QAChC,EAAE,CAAE,eAAe,EAAE,GAAG,EAAE;YACtB,MAAM,QAAQ,GAAG,IAAI,eAAQ,CAAC,GAAG,CAAC,UAAU,CAAC,WAAW,CAAC,CAAC;YAE1D,GAAG,CAAC,WAAW,CAAC,UAAU,CAAC,QAAQ,EAAE,UAAU,CAAC,CAAC;YAEjD,MAAM,IAAI,GAAG,GAAG,CAAC,iBAAiB,CAAC,UAAU,CAAC,CAAC,CAAC,CAAC;YACjD,gBAAM,CAAC,KAAK,CAAC,IAAI,CAAC,EAAE,EAAE,GAAG,CAAC,UAAU,CAAC,GAAG,CAAC,CAAC,CAAC,CAAC,CAAC;QACjD,CAAC,CAAC,CAAA;QAEF,EAAE,CAAE,uBAAuB,EAAE,GAAG,EAAE;YAC9B,MAAM,QAAQ,GAAG,IAAI,eAAQ,CAAC,GAAG,CAAC,UAAU,CAAC,WAAW,CAAC,CAAC;YAE1D,GAAG,CAAC,WAAW,CAAC,UAAU,CAAC,QAAQ,EAAE,UAAU,CAAC,CAAC;YAEjD,MAAM,IAAI,GAAG,GAAG,CAAC,iBAAiB,CAAC,UAAU,CAAC,CAAC,CAAC,CAAC;YACjD,gBAAM,CAAC,SAAS,CAAC,IAAI,CAAC,OAAO,EAAE,EAAE,CAAC,CAAC;QACvC,CAAC,CAAC,CAAA;QAEF,EAAE,CAAE,+BAA+B,EAAE,GAAG,EAAE;YACtC,MAAM,QAAQ,GAAG,IAAI,eAAQ,CAAC,GAAG,CAAC,UAAU,CAAC,WAAW,CAAC,CAAC;YAE1D,GAAG,CAAC,WAAW,CAAC,UAAU,CAAC,QAAQ,EAAE,UAAU,CAAC,CAAC;YAEjD,MAAM,IAAI,GAAG,GAAG,CAAC,iBAAiB,CAAC,UAAU,CAAC,CAAC,CAAC,CAAC;YACjD,gBAAM,CAAC,KAAK,CAAC,IAAI,CAAC,KAAK,EAAE,qBAAqB,CAAC,CAAC;QACpD,CAAC,CAAC,CAAA;QAEF,EAAE,CAAE,mCAAmC,EAAE,GAAG,EAAE;YAC1C,MAAM,QAAQ,GAAG,IAAI,eAAQ,CAAC,GAAG,CAAC,UAAU,CAAC,WAAW,CAAC,CAAC;YAC1D,MAAM,aAAa,GAAG;gBAClB,IAAI,EAAE,eAAQ,CAAC,MAAM,CAAC,SAAS,CAAC,YAAY;gBAC5C,IAAI,EAAE;oBACF,MAAM,EAAE,KAAK;oBACb,QAAQ,EAAE,WAAW;oBACrB,eAAe,EAAE,CAAC;iBACrB;aACJ,CAAA;YAED,GAAG,CAAC,WAAW,CAAC,UAAU,CAAC,QAAQ,EAAE,UAAU,CAAC,CAAC;YAEjD,MAAM,KAAK,GAAG,GAAG,CAAC,eAAe,CAAC,gBAAgB,CAAC,CAAC,CAAC,CAAC;YACtD,gBAAM,CAAC,SAAS,CAAC,KAAK,EAAE,aAAa,CAAC,CAAC;QAC3C,CAAC,CAAC,CAAA;IACN,CAAC,CAAC,CAAA;AACN,CAAC,CAAC,CAAA","sourcesContent":["import 'mocha';\nimport assert from 'assert';\nimport { contract, Tiles } from './../../src/game';\nimport { GameTestContext } from './GameTestContext';\nimport { \n    GameNameDuplicated, \n    ErrorType,\n    MinNumberOfStartingPointsNotReached\n} from 'tr-common/events';\n\ndescribe('New Game', () => {\n    const ctx = new GameTestContext();\n    const validBoard = [[Tiles.startingPoint(), Tiles.startingPoint()]];\n\n    beforeEach(ctx.initializer());\n\n    const validationError = (type: string, field: string) => {\n        return (error: Error) => {\n            assert.deepEqual(error, {type, field});\n            return true;\n        }\n    }\n    \n    describe('Validation', () => {    \n        it('shoudl not create game if name is not unique', () => {\n            const firstGame = new contract.DTO.CreateGame(\"a name\");\n            const secondGame = new contract.DTO.CreateGame(\"a name\");\n\n            assert.throws(() => {\n                ctx.gameService.createGame(firstGame, validBoard);\n                ctx.gameService.createGame(secondGame, validBoard)\n            }, (error: GameNameDuplicated) => {\n                assert.equal(error.isError, true);\n                assert.equal(error.gameName, firstGame.gameName);\n                assert.equal(error.origin, undefined);\n                assert.equal(error.type, ErrorType.FIELD_NOT_UNIQUE)\n                return true;\n            })\n        })\n\n        it ('cannot be created with board without at least two starting points', () => {\n            const gameDef = new contract.DTO.CreateGame(\"Some game\");\n\n            assert.throws(() => {\n                ctx.gameService.createGame(gameDef, [[Tiles.startingPoint()]])\n            }, (error: MinNumberOfStartingPointsNotReached) => {\n                assert.equal(error.isError, true);\n                assert.equal(error.origin, undefined),\n                assert.equal(error.type, ErrorType.INVALID_BOARD),\n                assert.equal(error.minNumberOfStartingPoints, 2)\n                return true;\n            })\n        })\n    })\n\n    describe('Newly Created Game', () => {\n        it ('has unique id', () => {\n            const someGame = new contract.DTO.CreateGame('Game name');\n\n            ctx.gameService.createGame(someGame, validBoard);\n\n            const game = ctx.gameRepositorySpy.addedGames[0];\n            assert.equal(game.id, ctx.idProvider.ids[0]);\n        })\n\n        it ('has empty player list', () => {\n            const someGame = new contract.DTO.CreateGame(\"Game name\");\n\n            ctx.gameService.createGame(someGame, validBoard);\n\n            const game = ctx.gameRepositorySpy.addedGames[0];\n            assert.deepEqual(game.players, []);\n        })\n\n        it ('has WAITING FOR PLAYERS state', () => {\n            const someGame = new contract.DTO.CreateGame(\"Game name\");\n\n            ctx.gameService.createGame(someGame, validBoard);\n\n            const game = ctx.gameRepositorySpy.addedGames[0];\n            assert.equal(game.state, \"WAITING FOR PLAYERS\");\n        })\n\n        it ('dispatches the GAME_CREATED event', () => {\n            const someGame = new contract.DTO.CreateGame(\"Game name\");\n            const expectedEvent = {\n                type: contract.events.EventType.GAME_CREATED,\n                data: {\n                    gameId: \"id1\",\n                    gameName: \"Game name\",\n                    numberOfPlayers: 0\n                }\n            }\n\n            ctx.gameService.createGame(someGame, validBoard);\n\n            const event = ctx.eventDispatcher.dispatchedEvents[0];\n            assert.deepEqual(event, expectedEvent);\n        })\n    })\n})"]},"_coverageSchema":"1a1c01bbd47fc00a2c39e90264f33305004495a9","hash":"48781018d95e63f2c973411571caff826f6f95d5","contentHash":"a241f2edfd1ee62737b0ddcea5fb965d7ac6d6130b32767787f5e6065e4b41c6"},"/home/marek/Projects/tomb_racer/back-end/src/game/index.ts":{"path":"/home/marek/Projects/tomb_racer/back-end/src/game/index.ts","statementMap":{"0":{"start":{"line":2,"column":19},"end":{"line":8,"column":1}},"1":{"start":{"line":3,"column":4},"end":{"line":3,"column":42}},"2":{"start":{"line":3,"column":31},"end":{"line":3,"column":42}},"3":{"start":{"line":4,"column":17},"end":{"line":4,"column":19}},"4":{"start":{"line":5,"column":4},"end":{"line":5,"column":99}},"5":{"start":{"line":5,"column":21},"end":{"line":5,"column":99}},"6":{"start":{"line":5,"column":40},"end":{"line":5,"column":99}},"7":{"start":{"line":5,"column":80},"end":{"line":5,"column":99}},"8":{"start":{"line":6,"column":4},"end":{"line":6,"column":28}},"9":{"start":{"line":7,"column":4},"end":{"line":7,"column":18}},"10":{"start":{"line":9,"column":22},"end":{"line":11,"column":1}},"11":{"start":{"line":10,"column":4},"end":{"line":10,"column":62}},"12":{"start":{"line":12,"column":0},"end":{"line":12,"column":62}},"13":{"start":{"line":13,"column":17},"end":{"line":13,"column":52}},"14":{"start":{"line":14,"column":0},"end":{"line":14,"column":28}},"15":{"start":{"line":15,"column":29},"end":{"line":15,"column":68}},"16":{"start":{"line":16,"column":15},"end":{"line":16,"column":43}},"17":{"start":{"line":17,"column":19},"end":{"line":17,"column":70}},"18":{"start":{"line":18,"column":0},"end":{"line":44,"column":2}},"19":{"start":{"line":20,"column":8},"end":{"line":22,"column":10}},"20":{"start":{"line":21,"column":12},"end":{"line":21,"column":101}},"21":{"start":{"line":25,"column":8},"end":{"line":27,"column":10}},"22":{"start":{"line":26,"column":12},"end":{"line":26,"column":91}},"23":{"start":{"line":30,"column":8},"end":{"line":32,"column":10}},"24":{"start":{"line":31,"column":12},"end":{"line":31,"column":91}},"25":{"start":{"line":35,"column":8},"end":{"line":37,"column":10}},"26":{"start":{"line":36,"column":12},"end":{"line":36,"column":76}},"27":{"start":{"line":40,"column":8},"end":{"line":42,"column":10}},"28":{"start":{"line":41,"column":12},"end":{"line":41,"column":99}},"29":{"start":{"line":45,"column":0},"end":{"line":47,"column":2}},"30":{"start":{"line":46,"column":4},"end":{"line":46,"column":60}}},"fnMap":{"0":{"name":"(anonymous_0)","decl":{"start":{"line":2,"column":50},"end":{"line":2,"column":51}},"loc":{"start":{"line":2,"column":65},"end":{"line":8,"column":1}},"line":2},"1":{"name":"(anonymous_1)","decl":{"start":{"line":9,"column":56},"end":{"line":9,"column":57}},"loc":{"start":{"line":9,"column":71},"end":{"line":11,"column":1}},"line":9},"2":{"name":"(anonymous_2)","decl":{"start":{"line":19,"column":4},"end":{"line":19,"column":5}},"loc":{"start":{"line":19,"column":20},"end":{"line":23,"column":5}},"line":19},"3":{"name":"(anonymous_3)","decl":{"start":{"line":20,"column":15},"end":{"line":20,"column":16}},"loc":{"start":{"line":20,"column":29},"end":{"line":22,"column":9}},"line":20},"4":{"name":"(anonymous_4)","decl":{"start":{"line":24,"column":4},"end":{"line":24,"column":5}},"loc":{"start":{"line":24,"column":11},"end":{"line":28,"column":5}},"line":24},"5":{"name":"(anonymous_5)","decl":{"start":{"line":25,"column":15},"end":{"line":25,"column":16}},"loc":{"start":{"line":25,"column":29},"end":{"line":27,"column":9}},"line":25},"6":{"name":"(anonymous_6)","decl":{"start":{"line":29,"column":4},"end":{"line":29,"column":5}},"loc":{"start":{"line":29,"column":11},"end":{"line":33,"column":5}},"line":29},"7":{"name":"(anonymous_7)","decl":{"start":{"line":30,"column":15},"end":{"line":30,"column":16}},"loc":{"start":{"line":30,"column":29},"end":{"line":32,"column":9}},"line":30},"8":{"name":"(anonymous_8)","decl":{"start":{"line":34,"column":4},"end":{"line":34,"column":5}},"loc":{"start":{"line":34,"column":13},"end":{"line":38,"column":5}},"line":34},"9":{"name":"(anonymous_9)","decl":{"start":{"line":35,"column":15},"end":{"line":35,"column":16}},"loc":{"start":{"line":35,"column":29},"end":{"line":37,"column":9}},"line":35},"10":{"name":"(anonymous_10)","decl":{"start":{"line":39,"column":4},"end":{"line":39,"column":5}},"loc":{"start":{"line":39,"column":18},"end":{"line":43,"column":5}},"line":39},"11":{"name":"(anonymous_11)","decl":{"start":{"line":40,"column":15},"end":{"line":40,"column":16}},"loc":{"start":{"line":40,"column":29},"end":{"line":42,"column":9}},"line":40},"12":{"name":"(anonymous_12)","decl":{"start":{"line":45,"column":20},"end":{"line":45,"column":21}},"loc":{"start":{"line":45,"column":29},"end":{"line":47,"column":1}},"line":45}},"branchMap":{"0":{"loc":{"start":{"line":2,"column":19},"end":{"line":8,"column":1}},"type":"binary-expr","locations":[{"start":{"line":2,"column":20},"end":{"line":2,"column":24}},{"start":{"line":2,"column":28},"end":{"line":2,"column":45}},{"start":{"line":2,"column":50},"end":{"line":8,"column":1}}],"line":2},"1":{"loc":{"start":{"line":3,"column":4},"end":{"line":3,"column":42}},"type":"if","locations":[{"start":{"line":3,"column":4},"end":{"line":3,"column":42}},{"start":{"line":3,"column":4},"end":{"line":3,"column":42}}],"line":3},"2":{"loc":{"start":{"line":3,"column":8},"end":{"line":3,"column":29}},"type":"binary-expr","locations":[{"start":{"line":3,"column":8},"end":{"line":3,"column":11}},{"start":{"line":3,"column":15},"end":{"line":3,"column":29}}],"line":3},"3":{"loc":{"start":{"line":5,"column":4},"end":{"line":5,"column":99}},"type":"if","locations":[{"start":{"line":5,"column":4},"end":{"line":5,"column":99}},{"start":{"line":5,"column":4},"end":{"line":5,"column":99}}],"line":5},"4":{"loc":{"start":{"line":5,"column":40},"end":{"line":5,"column":99}},"type":"if","locations":[{"start":{"line":5,"column":40},"end":{"line":5,"column":99}},{"start":{"line":5,"column":40},"end":{"line":5,"column":99}}],"line":5},"5":{"loc":{"start":{"line":9,"column":22},"end":{"line":11,"column":1}},"type":"binary-expr","locations":[{"start":{"line":9,"column":23},"end":{"line":9,"column":27}},{"start":{"line":9,"column":31},"end":{"line":9,"column":51}},{"start":{"line":9,"column":56},"end":{"line":11,"column":1}}],"line":9},"6":{"loc":{"start":{"line":10,"column":11},"end":{"line":10,"column":61}},"type":"cond-expr","locations":[{"start":{"line":10,"column":37},"end":{"line":10,"column":40}},{"start":{"line":10,"column":43},"end":{"line":10,"column":61}}],"line":10},"7":{"loc":{"start":{"line":10,"column":12},"end":{"line":10,"column":33}},"type":"binary-expr","locations":[{"start":{"line":10,"column":12},"end":{"line":10,"column":15}},{"start":{"line":10,"column":19},"end":{"line":10,"column":33}}],"line":10}},"s":{"0":1,"1":1,"2":1,"3":0,"4":0,"5":0,"6":0,"7":0,"8":0,"9":0,"10":1,"11":1,"12":1,"13":1,"14":1,"15":1,"16":1,"17":1,"18":1,"19":46,"20":90,"21":11,"22":23,"23":1,"24":7,"25":2,"26":2,"27":1,"28":1,"29":1,"30":37},"f":{"0":1,"1":1,"2":46,"3":90,"4":11,"5":23,"6":1,"7":7,"8":2,"9":2,"10":1,"11":1,"12":37},"b":{"0":[1,1,1],"1":[1,0],"2":[1,1],"3":[0,0],"4":[0,0],"5":[1,1,1],"6":[1,0],"7":[1,1]},"inputSourceMap":{"version":3,"file":"/home/marek/Projects/tomb_racer/back-end/src/game/index.ts","sources":["/home/marek/Projects/tomb_racer/back-end/src/game/index.ts"],"names":[],"mappings":";;;;;;;;;;;;AAAA,qDAAuC;AA4CnC,4BAAQ;AA3CZ,qEAAiE;AACjE,4CAAgE;AAEhE,uEAA+C;AAElC,QAAA,KAAK,GAAG;IACjB,aAAa;QACT,OAAO,CAAC,GAAW,EAAE,GAAW,EAAE,EAAE;YAChC,OAAO,IAAI,WAAI,CACX,eAAQ,CAAC,cAAc,EACvB,IAAI,kBAAQ,CAAC,GAAG,EAAC,GAAG,CAAC,CACxB,CAAC;QACN,CAAC,CAAA;IACL,CAAC;IACD,IAAI;QACA,OAAO,CAAC,GAAW,EAAE,GAAW,EAAE,EAAE;YAChC,OAAO,IAAI,WAAI,CAAC,eAAQ,CAAC,IAAI,EAAE,IAAI,kBAAQ,CAAC,GAAG,EAAE,GAAG,CAAC,CAAC,CAAA;QAC1D,CAAC,CAAA;IACL,CAAC;IACD,IAAI;QACA,OAAO,CAAC,GAAW,EAAE,GAAW,EAAE,EAAE;YAChC,OAAO,IAAI,WAAI,CAAC,eAAQ,CAAC,IAAI,EAAE,IAAI,kBAAQ,CAAC,GAAG,EAAE,GAAG,CAAC,CAAC,CAAA;QAC1D,CAAC,CAAA;IACL,CAAC;IACD,MAAM;QACF,OAAO,CAAC,GAAW,EAAE,GAAW,EAAE,EAAE;YAChC,OAAO,IAAI,kBAAW,CAAC,IAAI,kBAAQ,CAAC,GAAG,EAAE,GAAG,CAAC,CAAC,CAAC;QACnD,CAAC,CAAA;IACL,CAAC;IACD,WAAW;QACP,OAAO,CAAC,GAAW,EAAE,GAAW,EAAE,EAAE;YAChC,OAAO,IAAI,WAAI,CAAC,eAAQ,CAAC,YAAY,EAAE,IAAI,kBAAQ,CAAC,GAAG,EAAE,GAAG,CAAC,CAAC,CAAC;QACnE,CAAC,CAAA;IACL,CAAC;CACJ,CAAA;AAEY,QAAA,SAAS,GAAG,CACrB,GAAY,EACd,EAAE;IACA,OAAO,IAAI,uCAAkB,CAAC,GAAG,CAAC,CAAA;AACtC,CAAC,CAAA","sourcesContent":["import * as contract from './contract';\nimport { DefaultGameService } from './service/DefaultGameService'\nimport { TileType, Tile, SipikedTile } from './model/tile/Tile';\nimport Context  from './contract/Context';\nimport Position from './contract/dto/Position';\n\nexport const Tiles = {\n    startingPoint() {\n        return (row: number, col: number) => {\n            return new Tile(\n                TileType.STARTING_POINT, \n                new Position(row,col)\n            );\n        }\n    }, \n    path() {\n        return (row: number, col: number) => {\n            return new Tile(TileType.PATH, new Position(row, col))\n        }\n    },\n    wall() {\n        return (row: number, col: number) => {\n            return new Tile(TileType.WALL, new Position(row, col))\n        }\n    },\n    spikes() {\n        return (row: number, col: number) => {\n            return new SipikedTile(new Position(row, col));\n        }\n    }, \n    finishPoint() {\n        return (row: number, col: number) => {\n            return new Tile(TileType.FINISH_POINT, new Position(row, col));\n        }\n    }\n}\n\nexport const configure = (\n    ctx: Context\n) => {\n    return new DefaultGameService(ctx) \n}\n\nexport {\n    contract\n}"]},"_coverageSchema":"1a1c01bbd47fc00a2c39e90264f33305004495a9","hash":"50bf228906f0a634bdf88236fecab8e8d27680b8","contentHash":"853b76da7169f2fefc63467186db132cb63b8be4f7efb198a9bb922de26a2492"},"/home/marek/Projects/tomb_racer/back-end/src/game/contract/index.ts":{"path":"/home/marek/Projects/tomb_racer/back-end/src/game/contract/index.ts","statementMap":{"0":{"start":{"line":2,"column":19},"end":{"line":8,"column":1}},"1":{"start":{"line":3,"column":4},"end":{"line":3,"column":42}},"2":{"start":{"line":3,"column":31},"end":{"line":3,"column":42}},"3":{"start":{"line":4,"column":17},"end":{"line":4,"column":19}},"4":{"start":{"line":5,"column":4},"end":{"line":5,"column":99}},"5":{"start":{"line":5,"column":21},"end":{"line":5,"column":99}},"6":{"start":{"line":5,"column":40},"end":{"line":5,"column":99}},"7":{"start":{"line":5,"column":80},"end":{"line":5,"column":99}},"8":{"start":{"line":6,"column":4},"end":{"line":6,"column":28}},"9":{"start":{"line":7,"column":4},"end":{"line":7,"column":18}},"10":{"start":{"line":9,"column":0},"end":{"line":9,"column":62}},"11":{"start":{"line":10,"column":15},"end":{"line":10,"column":48}},"12":{"start":{"line":11,"column":0},"end":{"line":11,"column":24}},"13":{"start":{"line":12,"column":12},"end":{"line":12,"column":42}},"14":{"start":{"line":13,"column":0},"end":{"line":13,"column":18}}},"fnMap":{"0":{"name":"(anonymous_0)","decl":{"start":{"line":2,"column":50},"end":{"line":2,"column":51}},"loc":{"start":{"line":2,"column":65},"end":{"line":8,"column":1}},"line":2}},"branchMap":{"0":{"loc":{"start":{"line":2,"column":19},"end":{"line":8,"column":1}},"type":"binary-expr","locations":[{"start":{"line":2,"column":20},"end":{"line":2,"column":24}},{"start":{"line":2,"column":28},"end":{"line":2,"column":45}},{"start":{"line":2,"column":50},"end":{"line":8,"column":1}}],"line":2},"1":{"loc":{"start":{"line":3,"column":4},"end":{"line":3,"column":42}},"type":"if","locations":[{"start":{"line":3,"column":4},"end":{"line":3,"column":42}},{"start":{"line":3,"column":4},"end":{"line":3,"column":42}}],"line":3},"2":{"loc":{"start":{"line":3,"column":8},"end":{"line":3,"column":29}},"type":"binary-expr","locations":[{"start":{"line":3,"column":8},"end":{"line":3,"column":11}},{"start":{"line":3,"column":15},"end":{"line":3,"column":29}}],"line":3},"3":{"loc":{"start":{"line":5,"column":4},"end":{"line":5,"column":99}},"type":"if","locations":[{"start":{"line":5,"column":4},"end":{"line":5,"column":99}},{"start":{"line":5,"column":4},"end":{"line":5,"column":99}}],"line":5},"4":{"loc":{"start":{"line":5,"column":40},"end":{"line":5,"column":99}},"type":"if","locations":[{"start":{"line":5,"column":40},"end":{"line":5,"column":99}},{"start":{"line":5,"column":40},"end":{"line":5,"column":99}}],"line":5}},"s":{"0":1,"1":2,"2":2,"3":0,"4":0,"5":0,"6":0,"7":0,"8":0,"9":0,"10":1,"11":1,"12":1,"13":1,"14":1},"f":{"0":2},"b":{"0":[1,1,1],"1":[2,0],"2":[2,2],"3":[0,0],"4":[0,0]},"inputSourceMap":{"version":3,"file":"/home/marek/Projects/tomb_racer/back-end/src/game/contract/index.ts","sources":["/home/marek/Projects/tomb_racer/back-end/src/game/contract/index.ts"],"names":[],"mappings":";;;;;;;;;AAGA,iDAAmC;AAU/B,wBAAM;AATV,2CAA6B;AAQzB,kBAAG","sourcesContent":["import { GameRepository } from './GameRepository';\nimport { GameService, boardDefinition } from './GameService';\nimport { IdProvider } from './IdProvider';\nimport * as events from './Events';\nimport * as DTO from './dto';\n\ntype randomize = (start: number, end: number) => number;\n\nexport {\n    GameRepository,\n    GameService,\n    IdProvider,\n    DTO,\n    events,\n    boardDefinition,\n    randomize,\n}"]},"_coverageSchema":"1a1c01bbd47fc00a2c39e90264f33305004495a9","hash":"55d7d96f194ef831735424deb0b0eb8f4124b9e3","contentHash":"b3b673a4d098107abbef416915f9bdf8045b2eb993b8f6115bbca4efc1334861"},"/home/marek/Projects/tomb_racer/back-end/src/game/contract/Events.ts":{"path":"/home/marek/Projects/tomb_racer/back-end/src/game/contract/Events.ts","statementMap":{"0":{"start":{"line":2,"column":0},"end":{"line":2,"column":62}},"1":{"start":{"line":4,"column":0},"end":{"line":14,"column":62}},"2":{"start":{"line":5,"column":4},"end":{"line":5,"column":47}},"3":{"start":{"line":6,"column":4},"end":{"line":6,"column":49}},"4":{"start":{"line":7,"column":4},"end":{"line":7,"column":45}},"5":{"start":{"line":8,"column":4},"end":{"line":8,"column":47}},"6":{"start":{"line":9,"column":4},"end":{"line":9,"column":47}},"7":{"start":{"line":10,"column":4},"end":{"line":10,"column":43}},"8":{"start":{"line":11,"column":4},"end":{"line":11,"column":41}},"9":{"start":{"line":12,"column":4},"end":{"line":12,"column":45}},"10":{"start":{"line":13,"column":4},"end":{"line":13,"column":49}},"11":{"start":{"line":17,"column":8},"end":{"line":17,"column":25}},"12":{"start":{"line":18,"column":8},"end":{"line":18,"column":25}},"13":{"start":{"line":21,"column":0},"end":{"line":21,"column":22}}},"fnMap":{"0":{"name":"(anonymous_0)","decl":{"start":{"line":4,"column":1},"end":{"line":4,"column":2}},"loc":{"start":{"line":4,"column":22},"end":{"line":14,"column":1}},"line":4},"1":{"name":"(anonymous_1)","decl":{"start":{"line":16,"column":4},"end":{"line":16,"column":5}},"loc":{"start":{"line":16,"column":28},"end":{"line":19,"column":5}},"line":16}},"branchMap":{"0":{"loc":{"start":{"line":14,"column":15},"end":{"line":14,"column":60}},"type":"binary-expr","locations":[{"start":{"line":14,"column":15},"end":{"line":14,"column":32}},{"start":{"line":14,"column":37},"end":{"line":14,"column":59}}],"line":14}},"s":{"0":1,"1":1,"2":1,"3":1,"4":1,"5":1,"6":1,"7":1,"8":1,"9":1,"10":1,"11":133,"12":133,"13":1},"f":{"0":1,"1":133},"b":{"0":[1,1]},"inputSourceMap":{"version":3,"file":"/home/marek/Projects/tomb_racer/back-end/src/game/contract/Events.ts","sources":["/home/marek/Projects/tomb_racer/back-end/src/game/contract/Events.ts"],"names":[],"mappings":";;AAAA,IAAY,SAUX;AAVD,WAAY,SAAS;IACjB,0CAA6B,CAAA;IAC7B,4CAA+B,CAAA;IAC/B,wCAA2B,CAAA;IAC3B,0CAA6B,CAAA;IAC7B,0CAA6B,CAAA;IAC7B,sCAAyB,CAAA;IACzB,oCAAuB,CAAA;IACvB,wCAA2B,CAAA;IAC3B,4CAA+B,CAAA;AACnC,CAAC,EAVW,SAAS,GAAT,iBAAS,KAAT,iBAAS,QAUpB;AAED,MAAa,KAAK;IAId,YAAY,IAAe,EAAE,IAAS;QAClC,IAAI,CAAC,IAAI,GAAG,IAAI,CAAC;QACjB,IAAI,CAAC,IAAI,GAAG,IAAI,CAAC;IACrB,CAAC;CACJ;AARD,sBAQC","sourcesContent":["export enum EventType {\n    GAME_CREATED = \"GAME-CREATED\",\n    PLAYER_JOINED = \"PLAYER-JOINED\",\n    PLAYER_LEFT = \"PLAYER-LEFT\",\n    GAME_STARTED = \"GAME-STARTED\",\n    PLAYER_MOVED = \"PLAYER-MOVED\",\n    PLAYER_HIT = \"PLAYER-HIT\",\n    NEXT_TURN = \"NEXT-TURN\",\n    PLAYER_DIED = \"PLAYER-DIED\",\n    GAME_FINISHED = \"GAME-FINISHED\"\n}\n\nexport class Event {\n    type: EventType\n    data: any\n\n    constructor(type: EventType, data: any) {\n        this.type = type;\n        this.data = data;\n    }\n}\n\nexport interface EventDispatcher\n{\n    dispatch(event: Event): void;\n}"]},"_coverageSchema":"1a1c01bbd47fc00a2c39e90264f33305004495a9","hash":"ec487357e268dab7744b92253f3b5d0265a9a5ab","contentHash":"a6467ad454085d6b152c26a52ec777109afd80868607693f1bf4c960bd7e3f07"},"/home/marek/Projects/tomb_racer/back-end/src/game/contract/dto/index.ts":{"path":"/home/marek/Projects/tomb_racer/back-end/src/game/contract/dto/index.ts","statementMap":{"0":{"start":{"line":2,"column":22},"end":{"line":4,"column":1}},"1":{"start":{"line":3,"column":4},"end":{"line":3,"column":62}},"2":{"start":{"line":5,"column":0},"end":{"line":5,"column":62}},"3":{"start":{"line":6,"column":21},"end":{"line":6,"column":61}},"4":{"start":{"line":7,"column":0},"end":{"line":7,"column":42}},"5":{"start":{"line":8,"column":20},"end":{"line":8,"column":59}},"6":{"start":{"line":9,"column":0},"end":{"line":9,"column":41}},"7":{"start":{"line":10,"column":19},"end":{"line":10,"column":57}},"8":{"start":{"line":11,"column":0},"end":{"line":11,"column":38}},"9":{"start":{"line":12,"column":19},"end":{"line":12,"column":57}},"10":{"start":{"line":13,"column":0},"end":{"line":13,"column":38}}},"fnMap":{"0":{"name":"(anonymous_0)","decl":{"start":{"line":2,"column":56},"end":{"line":2,"column":57}},"loc":{"start":{"line":2,"column":71},"end":{"line":4,"column":1}},"line":2}},"branchMap":{"0":{"loc":{"start":{"line":2,"column":22},"end":{"line":4,"column":1}},"type":"binary-expr","locations":[{"start":{"line":2,"column":23},"end":{"line":2,"column":27}},{"start":{"line":2,"column":31},"end":{"line":2,"column":51}},{"start":{"line":2,"column":56},"end":{"line":4,"column":1}}],"line":2},"1":{"loc":{"start":{"line":3,"column":11},"end":{"line":3,"column":61}},"type":"cond-expr","locations":[{"start":{"line":3,"column":37},"end":{"line":3,"column":40}},{"start":{"line":3,"column":43},"end":{"line":3,"column":61}}],"line":3},"2":{"loc":{"start":{"line":3,"column":12},"end":{"line":3,"column":33}},"type":"binary-expr","locations":[{"start":{"line":3,"column":12},"end":{"line":3,"column":15}},{"start":{"line":3,"column":19},"end":{"line":3,"column":33}}],"line":3}},"s":{"0":1,"1":4,"2":1,"3":1,"4":1,"5":1,"6":1,"7":1,"8":1,"9":1,"10":1},"f":{"0":4},"b":{"0":[1,1,1],"1":[4,0],"2":[4,4]},"inputSourceMap":{"version":3,"file":"/home/marek/Projects/tomb_racer/back-end/src/game/contract/dto/index.ts","sources":["/home/marek/Projects/tomb_racer/back-end/src/game/contract/dto/index.ts"],"names":[],"mappings":";;;;;AAAA,8DAAsC;AAMlC,qBANG,oBAAU,CAMH;AALd,4DAAsC;AAMlC,qBANG,mBAAU,CAMH;AALd,0DAAkC;AAM9B,mBANG,kBAAQ,CAMH;AALZ,0DAAkC;AAM9B,mBANG,kBAAQ,CAMH","sourcesContent":["import CreateGame from './CreateGame';\nimport PlayerData  from './AddPlayer';\nimport Movement from './Movement';\nimport Position from './Position';\n\nexport {\n    CreateGame,\n    PlayerData,\n    Movement,\n    Position\n}"]},"_coverageSchema":"1a1c01bbd47fc00a2c39e90264f33305004495a9","hash":"a929c483373dfdc470206dd308feb2b110514114","contentHash":"69ac60e4aac45325c9e6dcd87f5c509575e1a114434249ead602076867c2420a"},"/home/marek/Projects/tomb_racer/back-end/src/game/contract/dto/CreateGame.ts":{"path":"/home/marek/Projects/tomb_racer/back-end/src/game/contract/dto/CreateGame.ts","statementMap":{"0":{"start":{"line":2,"column":0},"end":{"line":2,"column":62}},"1":{"start":{"line":5,"column":8},"end":{"line":5,"column":33}},"2":{"start":{"line":8,"column":0},"end":{"line":8,"column":29}}},"fnMap":{"0":{"name":"(anonymous_0)","decl":{"start":{"line":4,"column":4},"end":{"line":4,"column":5}},"loc":{"start":{"line":4,"column":26},"end":{"line":6,"column":5}},"line":4}},"branchMap":{},"s":{"0":1,"1":37,"2":1},"f":{"0":37},"b":{},"inputSourceMap":{"version":3,"file":"/home/marek/Projects/tomb_racer/back-end/src/game/contract/dto/CreateGame.ts","sources":["/home/marek/Projects/tomb_racer/back-end/src/game/contract/dto/CreateGame.ts"],"names":[],"mappings":";;AAAA,MAAqB,UAAU;IAI3B,YAAY,QAAgB;QACxB,IAAI,CAAC,QAAQ,GAAG,QAAQ,CAAC;IAC7B,CAAC;CACJ;AAPD,6BAOC","sourcesContent":["export default class CreateGame\n{\n    gameName: string;\n\n    constructor(gameName: string) {\n        this.gameName = gameName;\n    }\n}"]},"_coverageSchema":"1a1c01bbd47fc00a2c39e90264f33305004495a9","hash":"50150a897feb6403fb2a3f75b905a5f4137bda86","contentHash":"c103189c2ac964f6bffa067c4a1fd121adb99572bf10f1d9b200cdc52fd87a65"},"/home/marek/Projects/tomb_racer/back-end/src/game/contract/dto/AddPlayer.ts":{"path":"/home/marek/Projects/tomb_racer/back-end/src/game/contract/dto/AddPlayer.ts","statementMap":{"0":{"start":{"line":2,"column":0},"end":{"line":2,"column":62}},"1":{"start":{"line":5,"column":8},"end":{"line":5,"column":29}},"2":{"start":{"line":6,"column":8},"end":{"line":6,"column":29}},"3":{"start":{"line":7,"column":8},"end":{"line":7,"column":33}},"4":{"start":{"line":10,"column":0},"end":{"line":10,"column":29}}},"fnMap":{"0":{"name":"(anonymous_0)","decl":{"start":{"line":4,"column":4},"end":{"line":4,"column":5}},"loc":{"start":{"line":4,"column":42},"end":{"line":8,"column":5}},"line":4}},"branchMap":{},"s":{"0":1,"1":4,"2":4,"3":4,"4":1},"f":{"0":4},"b":{},"inputSourceMap":{"version":3,"file":"/home/marek/Projects/tomb_racer/back-end/src/game/contract/dto/AddPlayer.ts","sources":["/home/marek/Projects/tomb_racer/back-end/src/game/contract/dto/AddPlayer.ts"],"names":[],"mappings":";;AAEA,MAAqB,UAAU;IAM3B,YAAY,MAAc,EAAE,MAAc,EAAE,QAAgB;QACxD,IAAI,CAAC,MAAM,GAAG,MAAM,CAAC;QACrB,IAAI,CAAC,MAAM,GAAG,MAAM,CAAC;QACrB,IAAI,CAAC,QAAQ,GAAG,QAAQ,CAAC;IAC7B,CAAC;CACJ;AAXD,6BAWC","sourcesContent":["import { stringify } from \"querystring\";\n\nexport default class PlayerData\n{\n    userId: string;\n    userName: string;\n    gameId: string;\n\n    constructor(gameId: string, userId: string, userName: string) {\n        this.gameId = gameId;\n        this.userId = userId;\n        this.userName = userName;\n    }\n}"]},"_coverageSchema":"1a1c01bbd47fc00a2c39e90264f33305004495a9","hash":"602286ee5709c9dbd1bfd02c0c195b81d2ce5123","contentHash":"6492a109eebc71a30a98cf99eee186d99bb01571f05db20f710a98e4b66df5ee"},"/home/marek/Projects/tomb_racer/back-end/src/game/contract/dto/Movement.ts":{"path":"/home/marek/Projects/tomb_racer/back-end/src/game/contract/dto/Movement.ts","statementMap":{"0":{"start":{"line":2,"column":0},"end":{"line":2,"column":62}},"1":{"start":{"line":5,"column":8},"end":{"line":5,"column":29}},"2":{"start":{"line":6,"column":8},"end":{"line":6,"column":29}},"3":{"start":{"line":7,"column":8},"end":{"line":7,"column":25}},"4":{"start":{"line":10,"column":0},"end":{"line":10,"column":27}}},"fnMap":{"0":{"name":"(anonymous_0)","decl":{"start":{"line":4,"column":4},"end":{"line":4,"column":5}},"loc":{"start":{"line":4,"column":38},"end":{"line":8,"column":5}},"line":4}},"branchMap":{},"s":{"0":1,"1":16,"2":16,"3":16,"4":1},"f":{"0":16},"b":{},"inputSourceMap":{"version":3,"file":"/home/marek/Projects/tomb_racer/back-end/src/game/contract/dto/Movement.ts","sources":["/home/marek/Projects/tomb_racer/back-end/src/game/contract/dto/Movement.ts"],"names":[],"mappings":";;AAEA,MAAqB,QAAQ;IAMzB,YACI,MAAc,EACd,MAAc,EACd,IAAgB;QAEhB,IAAI,CAAC,MAAM,GAAG,MAAM,CAAC;QACrB,IAAI,CAAC,MAAM,GAAG,MAAM,CAAC;QACrB,IAAI,CAAC,IAAI,GAAG,IAAI,CAAC;IACrB,CAAC;CACJ;AAfD,2BAeC","sourcesContent":["import Position from \"./Position\";\n\nexport default class Movement\n{\n    userId: string;\n    gameId: string;\n    path: Position[]; \n\n    constructor(\n        userId: string,\n        gameId: string,\n        path: Position[]\n    ) {\n        this.userId = userId;\n        this.gameId = gameId;\n        this.path = path;\n    }\n}"]},"_coverageSchema":"1a1c01bbd47fc00a2c39e90264f33305004495a9","hash":"38e766440da95a35e60b765c8a0be44f8f8691b2","contentHash":"374254f8fd33ab085cb61fa2cd09fdaf4d56bdbacefae65b8e656fe7a80e4cef"},"/home/marek/Projects/tomb_racer/back-end/src/game/contract/dto/Position.ts":{"path":"/home/marek/Projects/tomb_racer/back-end/src/game/contract/dto/Position.ts","statementMap":{"0":{"start":{"line":2,"column":0},"end":{"line":2,"column":62}},"1":{"start":{"line":5,"column":8},"end":{"line":5,"column":23}},"2":{"start":{"line":6,"column":8},"end":{"line":6,"column":23}},"3":{"start":{"line":9,"column":8},"end":{"line":11,"column":51}},"4":{"start":{"line":14,"column":8},"end":{"line":14,"column":44}},"5":{"start":{"line":17,"column":0},"end":{"line":17,"column":27}}},"fnMap":{"0":{"name":"(anonymous_0)","decl":{"start":{"line":4,"column":4},"end":{"line":4,"column":5}},"loc":{"start":{"line":4,"column":26},"end":{"line":7,"column":5}},"line":4},"1":{"name":"(anonymous_1)","decl":{"start":{"line":8,"column":4},"end":{"line":8,"column":5}},"loc":{"start":{"line":8,"column":24},"end":{"line":12,"column":5}},"line":8},"2":{"name":"(anonymous_2)","decl":{"start":{"line":13,"column":4},"end":{"line":13,"column":5}},"loc":{"start":{"line":13,"column":15},"end":{"line":15,"column":5}},"line":13}},"branchMap":{"0":{"loc":{"start":{"line":9,"column":15},"end":{"line":11,"column":50}},"type":"binary-expr","locations":[{"start":{"line":9,"column":17},"end":{"line":9,"column":38}},{"start":{"line":9,"column":42},"end":{"line":9,"column":63}},{"start":{"line":10,"column":13},"end":{"line":10,"column":34}},{"start":{"line":10,"column":38},"end":{"line":10,"column":59}},{"start":{"line":10,"column":67},"end":{"line":10,"column":102}},{"start":{"line":11,"column":13},"end":{"line":11,"column":48}}],"line":9}},"s":{"0":1,"1":147,"2":147,"3":17,"4":0,"5":1},"f":{"0":147,"1":17,"2":0},"b":{"0":[17,5,12,12,14,13]},"inputSourceMap":{"version":3,"file":"/home/marek/Projects/tomb_racer/back-end/src/game/contract/dto/Position.ts","sources":["/home/marek/Projects/tomb_racer/back-end/src/game/contract/dto/Position.ts"],"names":[],"mappings":";;AAAA,MAAqB,QAAQ;IAKzB,YAAY,GAAW,EAAE,GAAW;QAEhC,IAAI,CAAC,GAAG,GAAG,GAAG,CAAC;QACf,IAAI,CAAC,GAAG,GAAG,GAAG,CAAC;IACnB,CAAC;IAED,YAAY,CAAC,KAAe;QACxB,OAAO,CACC,CAAC,IAAI,CAAC,GAAG,IAAI,KAAK,CAAC,GAAG,IAAI,IAAI,CAAC,GAAG,IAAI,KAAK,CAAC,GAAG,CAAC;YAChD,CAAC,IAAI,CAAC,GAAG,IAAI,KAAK,CAAC,GAAG,IAAI,IAAI,CAAC,GAAG,IAAI,KAAK,CAAC,GAAG,CAAC,CACnD,IAAI,CACD,CAAC,IAAI,CAAC,GAAG,CAAC,IAAI,CAAC,GAAG,GAAG,KAAK,CAAC,GAAG,CAAC,IAAI,CAAC,CAAC;YACrC,CAAC,IAAI,CAAC,GAAG,CAAC,IAAI,CAAC,GAAG,GAAG,KAAK,CAAC,GAAG,CAAC,IAAI,CAAC,CAAC,CACxC,CAAA;IACT,CAAC;IAED,QAAQ;QACJ,OAAO,IAAI,IAAI,CAAC,GAAG,KAAK,IAAI,CAAC,GAAG,GAAG,CAAA;IACvC,CAAC;CACJ;AAxBD,2BAwBC","sourcesContent":["export default class Position\n{\n    row: number;\n    col: number;\n\n    constructor(row: number, col: number) \n    {\n        this.row = row;\n        this.col = col;\n    }\n\n    isAdjacentTo(other: Position): boolean {\n        return (\n                (this.row == other.row && this.col != other.col) ||\n                (this.row != other.row && this.col == other.col) \n            ) && (\n                (Math.abs(this.row - other.row) <= 1) &&\n                (Math.abs(this.col - other.col) <= 1) \n            )\n    }\n\n    toString(): string {\n        return `(${this.row}, ${this.col})`\n    }\n}"]},"_coverageSchema":"1a1c01bbd47fc00a2c39e90264f33305004495a9","hash":"9f0824a8eb1c6936fdf8b4515189f0ec69207484","contentHash":"6637ea2e2de0049de3279aab39d77d02c3b63893588939813036d57fdeb5c6ba"},"/home/marek/Projects/tomb_racer/back-end/src/game/service/DefaultGameService.ts":{"path":"/home/marek/Projects/tomb_racer/back-end/src/game/service/DefaultGameService.ts","statementMap":{"0":{"start":{"line":2,"column":22},"end":{"line":4,"column":1}},"1":{"start":{"line":3,"column":4},"end":{"line":3,"column":62}},"2":{"start":{"line":5,"column":0},"end":{"line":5,"column":62}},"3":{"start":{"line":6,"column":17},"end":{"line":6,"column":39}},"4":{"start":{"line":7,"column":17},"end":{"line":7,"column":39}},"5":{"start":{"line":8,"column":16},"end":{"line":8,"column":37}},"6":{"start":{"line":9,"column":16},"end":{"line":9,"column":41}},"7":{"start":{"line":10,"column":26},"end":{"line":10,"column":79}},"8":{"start":{"line":11,"column":26},"end":{"line":11,"column":79}},"9":{"start":{"line":12,"column":17},"end":{"line":12,"column":44}},"10":{"start":{"line":15,"column":8},"end":{"line":15,"column":31}},"11":{"start":{"line":16,"column":8},"end":{"line":16,"column":49}},"12":{"start":{"line":17,"column":8},"end":{"line":17,"column":45}},"13":{"start":{"line":18,"column":8},"end":{"line":18,"column":55}},"14":{"start":{"line":21,"column":8},"end":{"line":21,"column":63}},"15":{"start":{"line":24,"column":8},"end":{"line":31,"column":10}},"16":{"start":{"line":26,"column":16},"end":{"line":29,"column":18}},"17":{"start":{"line":34,"column":8},"end":{"line":36,"column":9}},"18":{"start":{"line":35,"column":12},"end":{"line":35,"column":94}},"19":{"start":{"line":37,"column":8},"end":{"line":39,"column":9}},"20":{"start":{"line":38,"column":12},"end":{"line":38,"column":53}},"21":{"start":{"line":40,"column":24},"end":{"line":40,"column":106}},"22":{"start":{"line":41,"column":8},"end":{"line":41,"column":41}},"23":{"start":{"line":42,"column":8},"end":{"line":42,"column":78}},"24":{"start":{"line":45,"column":8},"end":{"line":51,"column":10}},"25":{"start":{"line":54,"column":21},"end":{"line":54,"column":74}},"26":{"start":{"line":55,"column":8},"end":{"line":57,"column":9}},"27":{"start":{"line":56,"column":12},"end":{"line":56,"column":69}},"28":{"start":{"line":58,"column":23},"end":{"line":58,"column":93}},"29":{"start":{"line":59,"column":8},"end":{"line":59,"column":31}},"30":{"start":{"line":60,"column":8},"end":{"line":60,"column":42}},"31":{"start":{"line":61,"column":8},"end":{"line":61,"column":87}},"32":{"start":{"line":64,"column":21},"end":{"line":64,"column":70}},"33":{"start":{"line":65,"column":8},"end":{"line":67,"column":9}},"34":{"start":{"line":66,"column":12},"end":{"line":66,"column":65}},"35":{"start":{"line":68,"column":8},"end":{"line":68,"column":47}},"36":{"start":{"line":69,"column":8},"end":{"line":69,"column":42}},"37":{"start":{"line":70,"column":8},"end":{"line":70,"column":99}},"38":{"start":{"line":73,"column":8},"end":{"line":80,"column":9}},"39":{"start":{"line":74,"column":25},"end":{"line":74,"column":52}},"40":{"start":{"line":75,"column":12},"end":{"line":75,"column":59}},"41":{"start":{"line":76,"column":12},"end":{"line":76,"column":46}},"42":{"start":{"line":79,"column":12},"end":{"line":79,"column":59}},"43":{"start":{"line":83,"column":21},"end":{"line":83,"column":50}},"44":{"start":{"line":84,"column":8},"end":{"line":84,"column":45}},"45":{"start":{"line":85,"column":8},"end":{"line":85,"column":42}},"46":{"start":{"line":88,"column":21},"end":{"line":88,"column":57}},"47":{"start":{"line":89,"column":8},"end":{"line":91,"column":9}},"48":{"start":{"line":90,"column":12},"end":{"line":90,"column":52}},"49":{"start":{"line":92,"column":8},"end":{"line":92,"column":20}},"50":{"start":{"line":95,"column":0},"end":{"line":95,"column":48}}},"fnMap":{"0":{"name":"(anonymous_0)","decl":{"start":{"line":2,"column":56},"end":{"line":2,"column":57}},"loc":{"start":{"line":2,"column":71},"end":{"line":4,"column":1}},"line":2},"1":{"name":"(anonymous_1)","decl":{"start":{"line":14,"column":4},"end":{"line":14,"column":5}},"loc":{"start":{"line":14,"column":25},"end":{"line":19,"column":5}},"line":14},"2":{"name":"(anonymous_2)","decl":{"start":{"line":20,"column":4},"end":{"line":20,"column":5}},"loc":{"start":{"line":20,"column":22},"end":{"line":22,"column":5}},"line":20},"3":{"name":"(anonymous_3)","decl":{"start":{"line":23,"column":4},"end":{"line":23,"column":5}},"loc":{"start":{"line":23,"column":15},"end":{"line":32,"column":5}},"line":23},"4":{"name":"(anonymous_4)","decl":{"start":{"line":25,"column":53},"end":{"line":25,"column":54}},"loc":{"start":{"line":25,"column":61},"end":{"line":30,"column":13}},"line":25},"5":{"name":"(anonymous_5)","decl":{"start":{"line":33,"column":4},"end":{"line":33,"column":5}},"loc":{"start":{"line":33,"column":28},"end":{"line":43,"column":5}},"line":33},"6":{"name":"(anonymous_6)","decl":{"start":{"line":44,"column":4},"end":{"line":44,"column":5}},"loc":{"start":{"line":44,"column":25},"end":{"line":52,"column":5}},"line":44},"7":{"name":"(anonymous_7)","decl":{"start":{"line":53,"column":4},"end":{"line":53,"column":5}},"loc":{"start":{"line":53,"column":32},"end":{"line":62,"column":5}},"line":53},"8":{"name":"(anonymous_8)","decl":{"start":{"line":63,"column":4},"end":{"line":63,"column":5}},"loc":{"start":{"line":63,"column":31},"end":{"line":71,"column":5}},"line":63},"9":{"name":"(anonymous_9)","decl":{"start":{"line":72,"column":4},"end":{"line":72,"column":5}},"loc":{"start":{"line":72,"column":25},"end":{"line":81,"column":5}},"line":72},"10":{"name":"(anonymous_10)","decl":{"start":{"line":82,"column":4},"end":{"line":82,"column":5}},"loc":{"start":{"line":82,"column":30},"end":{"line":86,"column":5}},"line":82},"11":{"name":"(anonymous_11)","decl":{"start":{"line":87,"column":4},"end":{"line":87,"column":5}},"loc":{"start":{"line":87,"column":20},"end":{"line":93,"column":5}},"line":87}},"branchMap":{"0":{"loc":{"start":{"line":2,"column":22},"end":{"line":4,"column":1}},"type":"binary-expr","locations":[{"start":{"line":2,"column":23},"end":{"line":2,"column":27}},{"start":{"line":2,"column":31},"end":{"line":2,"column":51}},{"start":{"line":2,"column":56},"end":{"line":4,"column":1}}],"line":2},"1":{"loc":{"start":{"line":3,"column":11},"end":{"line":3,"column":61}},"type":"cond-expr","locations":[{"start":{"line":3,"column":37},"end":{"line":3,"column":40}},{"start":{"line":3,"column":43},"end":{"line":3,"column":61}}],"line":3},"2":{"loc":{"start":{"line":3,"column":12},"end":{"line":3,"column":33}},"type":"binary-expr","locations":[{"start":{"line":3,"column":12},"end":{"line":3,"column":15}},{"start":{"line":3,"column":19},"end":{"line":3,"column":33}}],"line":3},"3":{"loc":{"start":{"line":34,"column":8},"end":{"line":36,"column":9}},"type":"if","locations":[{"start":{"line":34,"column":8},"end":{"line":36,"column":9}},{"start":{"line":34,"column":8},"end":{"line":36,"column":9}}],"line":34},"4":{"loc":{"start":{"line":37,"column":8},"end":{"line":39,"column":9}},"type":"if","locations":[{"start":{"line":37,"column":8},"end":{"line":39,"column":9}},{"start":{"line":37,"column":8},"end":{"line":39,"column":9}}],"line":37},"5":{"loc":{"start":{"line":55,"column":8},"end":{"line":57,"column":9}},"type":"if","locations":[{"start":{"line":55,"column":8},"end":{"line":57,"column":9}},{"start":{"line":55,"column":8},"end":{"line":57,"column":9}}],"line":55},"6":{"loc":{"start":{"line":65,"column":8},"end":{"line":67,"column":9}},"type":"if","locations":[{"start":{"line":65,"column":8},"end":{"line":67,"column":9}},{"start":{"line":65,"column":8},"end":{"line":67,"column":9}}],"line":65},"7":{"loc":{"start":{"line":89,"column":8},"end":{"line":91,"column":9}},"type":"if","locations":[{"start":{"line":89,"column":8},"end":{"line":91,"column":9}},{"start":{"line":89,"column":8},"end":{"line":91,"column":9}}],"line":89}},"s":{"0":1,"1":2,"2":1,"3":1,"4":1,"5":1,"6":1,"7":1,"8":1,"9":1,"10":37,"11":37,"12":37,"13":37,"14":1,"15":1,"16":2,"17":37,"18":0,"19":37,"20":1,"21":36,"22":35,"23":35,"24":1,"25":65,"26":65,"27":1,"28":64,"29":64,"30":63,"31":63,"32":3,"33":3,"34":1,"35":2,"36":2,"37":2,"38":54,"39":54,"40":53,"41":51,"42":3,"43":16,"44":16,"45":7,"46":70,"47":70,"48":1,"49":69,"50":1},"f":{"0":2,"1":37,"2":1,"3":1,"4":2,"5":37,"6":1,"7":65,"8":3,"9":54,"10":16,"11":70},"b":{"0":[1,1,1],"1":[2,0],"2":[2,2],"3":[0,37],"4":[1,36],"5":[1,64],"6":[1,2],"7":[1,69]},"inputSourceMap":{"version":3,"file":"/home/marek/Projects/tomb_racer/back-end/src/game/service/DefaultGameService.ts","sources":["/home/marek/Projects/tomb_racer/back-end/src/game/service/DefaultGameService.ts"],"names":[],"mappings":";;;;;AASA,wCAGqB;AAErB,wCAGqB;AAErB,sCAEoB;AAEpB,0CAAuC;AACvC,gFAAwD;AACxD,gFAAwD;AAMxD,6CAAiE;AAEjE,MAAa,kBAAkB;IAO3B,YAAY,OAAgB;QACxB,IAAI,CAAC,OAAO,GAAG,OAAO,CAAC;QACvB,IAAI,CAAC,cAAc,GAAG,OAAO,CAAC,UAAU,CAAC;QACzC,IAAI,CAAC,UAAU,GAAG,OAAO,CAAC,UAAU,CAAC;QACrC,IAAI,CAAC,eAAe,GAAG,OAAO,CAAC,eAAe,CAAC;IACnD,CAAC;IAED,SAAS,CAAC,MAAc;QACpB,OAAO,IAAI,CAAC,cAAc,CAAC,QAAQ,CAAC,MAAM,CAAC,CAAC,QAAQ,EAAE,CAAC;IAC3D,CAAC;IAED,QAAQ;QACJ,OAAO;YACH,KAAK,EAAE,IAAI,CAAC,cAAc,CAAC,OAAO,EAAE,CAAC,GAAG,CAAC,IAAI,CAAC,EAAE;gBAC5C,OAAO;oBACH,MAAM,EAAE,IAAI,CAAC,EAAE;oBACf,QAAQ,EAAE,IAAI,CAAC,IAAI;iBACtB,CAAA;YACL,CAAC,CAAC;SACL,CAAA;IACL,CAAC;IAED,UAAU,CAAC,IAAoB,EAAE,KAA0B;QAEvD,IAAI,IAAI,CAAC,QAAQ,IAAI,EAAE,EAAE;YACrB,MAAM,IAAI,wBAAe,CAAC,kBAAS,CAAC,cAAc,EAAE,UAAU,CAAC,CAAC;SACnE;QAED,IAAI,IAAI,CAAC,cAAc,CAAC,eAAe,CAAC,IAAI,CAAC,QAAQ,CAAC,EAAE;YACpD,MAAM,IAAI,CAAC,cAAc,CAAC,IAAI,CAAC,QAAQ,CAAC,CAAC;SAC5C;QAED,MAAM,OAAO,GAAG,IAAI,YAAI,CACpB,IAAI,CAAC,UAAU,CAAC,KAAK,EAAE,EACvB,IAAI,CAAC,QAAQ,EACb,IAAI,aAAK,CAAC,KAAK,CAAC,CACnB,CAAA;QAED,IAAI,CAAC,cAAc,CAAC,GAAG,CAAC,OAAO,CAAC,CAAA;QAChC,IAAI,CAAC,eAAe,CAAC,QAAQ,CAAC,IAAI,yBAAgB,CAAC,OAAO,CAAC,CAAC,CAAC;IACjE,CAAC;IAEO,cAAc,CAAC,IAAY;QAC/B,OAAO;YACH,OAAO,EAAE,IAAI;YACb,IAAI,EAAE,kBAAS,CAAC,gBAAgB;YAChC,MAAM,EAAE,SAAS;YACjB,OAAO,EAAE,qCAAqC;YAC9C,QAAQ,EAAE,IAAI;SACjB,CAAA;IACL,CAAC;IAED,SAAS,CAAC,gBAAgC;QACtC,MAAM,IAAI,GAAG,IAAI,CAAC,cAAc,CAAC,QAAQ,CAAC,gBAAgB,CAAC,MAAM,CAAC,CAAC;QAEnE,IAAI,CAAC,IAAI,EAAE;YACP,MAAM,IAAI,qBAAY,CAAC,gBAAgB,CAAC,MAAM,CAAC,CAAC;SACnD;QAED,MAAM,MAAM,GAAG,IAAI,cAAM,CACrB,gBAAgB,CAAC,MAAM,EACvB,gBAAgB,CAAC,QAAQ,CAC5B,CAAC;QAEF,IAAI,CAAC,SAAS,CAAC,MAAM,CAAC,CAAC;QAEvB,IAAI,CAAC,cAAc,CAAC,OAAO,CAAC,IAAI,CAAC,CAAC;QAClC,IAAI,CAAC,eAAe,CAAC,QAAQ,CAAC,IAAI,0BAAiB,CAAC,MAAM,EAAE,IAAI,CAAC,EAAE,CAAC,CAAC,CAAA;IACzE,CAAC;IAED,YAAY,CAAC,YAA4B;QACrC,MAAM,IAAI,GAAG,IAAI,CAAC,cAAc,CAAC,QAAQ,CAAC,YAAY,CAAC,MAAM,CAAC,CAAC;QAE/D,IAAI,CAAC,IAAI,EAAE;YACP,MAAM,IAAI,qBAAY,CAAC,YAAY,CAAC,MAAM,CAAC,CAAC;SAC/C;QAED,IAAI,CAAC,YAAY,CAAC,YAAY,CAAC,MAAM,CAAC,CAAC;QAEvC,IAAI,CAAC,cAAc,CAAC,OAAO,CAAC,IAAI,CAAC,CAAC;QAClC,IAAI,CAAC,eAAe,CAAC,QAAQ,CAAC,IAAI,yBAAe,CAAC,YAAY,CAAC,MAAM,EAAE,IAAI,CAAC,EAAE,CAAC,CAAC,CAAC;IACrF,CAAC;IAED,YAAY,CAAC,MAAsB;QAC/B,IAAI;YACA,MAAM,IAAI,GAAG,IAAI,CAAC,OAAO,CAAC,MAAM,CAAC,MAAM,CAAC,CAAC;YACzC,IAAI,CAAC,YAAY,CAAC,MAAM,CAAC,MAAM,EAAE,IAAI,CAAC,OAAO,CAAC,CAAC;YAC/C,IAAI,CAAC,cAAc,CAAC,OAAO,CAAC,IAAI,CAAC,CAAC;SACrC;QAAC,OAAO,SAAS,EAAE;YAChB,MAAM,IAAI,yBAAe,CAAC,SAAS,CAAC,CAAC;SACxC;IACL,CAAC;IAED,eAAe,CAAC,QAAkB;QAC9B,MAAM,IAAI,GAAG,IAAI,CAAC,OAAO,CAAC,QAAQ,CAAC,MAAM,CAAC,CAAC;QAC3C,IAAI,CAAC,OAAO,CAAC,QAAQ,EAAE,IAAI,CAAC,OAAO,CAAC,CAAC;QAErC,IAAI,CAAC,cAAc,CAAC,OAAO,CAAC,IAAI,CAAC,CAAC;IACtC,CAAC;IAEO,OAAO,CAAC,MAAc;QAC1B,MAAM,IAAI,GAAG,IAAI,CAAC,cAAc,CAAC,QAAQ,CAAC,MAAM,CAAC,CAAC;QAElD,IAAI,CAAC,IAAI,EAAE;YACP,MAAM,IAAI,qBAAY,CAAC,MAAM,CAAC,CAAC;SAClC;QAED,OAAO,IAAI,CAAC;IAChB,CAAC;CACJ;AApHD,gDAoHC","sourcesContent":["import {\n    GameService,\n    GameRepository,\n    IdProvider,\n    DTO,\n    events,\n    boardDefinition\n} from '../contract'\n\nimport {\n    ValidationError,\n    GameNotFound, \n} from './../errors';\n\nimport {\n    GameCreatedEvent,\n    PlayerJoinedEvent\n} from './../events';\n\nimport {\n    Game, Player\n} from './../model';\n\nimport { Board } from '../model/Board';\nimport PlayerLeftEvent from '../events/PlayerLeftEvent';\nimport CannotStartGame from '../errors/CannotStartGame';\nimport Context  from '../contract/Context';\nimport { contract } from '..';\nimport { EventDispatcher } from '../contract/Events';\nimport Movement from '../contract/dto/Movement';\nimport { GameState, GameList } from '../contract/dto/GameState';\nimport { GameNameDuplicated, ErrorType } from 'tr-common/events';\n\nexport class DefaultGameService implements GameService\n{\n    context: Context;\n    gameRepository: GameRepository;\n    idProvider: IdProvider;\n    eventDispatcher: EventDispatcher;\n\n    constructor(context: Context) {\n        this.context = context;\n        this.gameRepository = context.repository;\n        this.idProvider = context.idProvider;\n        this.eventDispatcher = context.eventDispatcher;\n    }\n\n    gameState(gameId: string): GameState {\n        return this.gameRepository.findById(gameId).getState();    \n    }\n\n    gameList(): GameList {\n        return {\n            games: this.gameRepository.findAll().map(game => {\n                return {\n                    gameId: game.id,\n                    gameName: game.name\n                }\n            })\n        }\n    }\n\n    createGame(data: DTO.CreateGame, board: boardDefinition[][]): void {\n\n        if (data.gameName == \"\") {\n            throw new ValidationError(ErrorType.FIELD_REQUIRED, \"gameName\");\n        }\n\n        if (this.gameRepository.hasGameWithName(data.gameName)) {\n            throw this.gameDuplicated(data.gameName);\n        }\n\n        const newGame = new Game(\n            this.idProvider.newId(),\n            data.gameName,\n            new Board(board)\n        )\n\n        this.gameRepository.add(newGame)\n        this.eventDispatcher.dispatch(new GameCreatedEvent(newGame));\n    }\n\n    private gameDuplicated(name: string): GameNameDuplicated {\n        return {\n            isError: true,\n            type: ErrorType.FIELD_NOT_UNIQUE,\n            origin: undefined,\n            message: \"Game with this name already exists.\",\n            gameName: name\n        }\n    }\n\n    addPlayer(addPlayerRequest: DTO.PlayerData) {\n        const game = this.gameRepository.findById(addPlayerRequest.gameId);\n        \n        if (!game) {\n            throw new GameNotFound(addPlayerRequest.gameId);\n        }\n\n        const player = new Player(\n            addPlayerRequest.userId,\n            addPlayerRequest.userName\n        );\n\n        game.addPlayer(player);\n\n        this.gameRepository.persist(game);\n        this.eventDispatcher.dispatch(new PlayerJoinedEvent(player, game.id))\n    }\n\n    removePlayer(removePlayer: DTO.PlayerData): void {\n        const game = this.gameRepository.findById(removePlayer.gameId);\n\n        if (!game) {\n            throw new GameNotFound(removePlayer.gameId);\n        }\n\n        game.removePlayer(removePlayer.userId);\n\n        this.gameRepository.persist(game);\n        this.eventDispatcher.dispatch(new PlayerLeftEvent(removePlayer.userId, game.id));\n    }\n\n    startRequest(player: DTO.PlayerData): void {\n        try {\n            const game = this.getGame(player.gameId);\n            game.startRequest(player.userId, this.context);\n            this.gameRepository.persist(game);\n        } catch (gameError) {\n            throw new CannotStartGame(gameError);\n        }\n    }\n\n    executeMovement(movement: Movement): void {\n        const game = this.getGame(movement.gameId);\n        game.movment(movement, this.context);\n\n        this.gameRepository.persist(game);\n    }\n\n    private getGame(gameId: string): Game {\n        const game = this.gameRepository.findById(gameId);\n\n        if (!game) {\n            throw new GameNotFound(gameId);\n        }\n\n        return game;\n    }\n}"]},"_coverageSchema":"1a1c01bbd47fc00a2c39e90264f33305004495a9","hash":"8e898f90a0d8342d9d7477942629b9a8f0ba2419","contentHash":"69a595cb79c439aee89cb5b763e1e55a4c631f6291a5a8a2c1f82946d3e4596f"},"/home/marek/Projects/tomb_racer/back-end/src/game/errors/index.ts":{"path":"/home/marek/Projects/tomb_racer/back-end/src/game/errors/index.ts","statementMap":{"0":{"start":{"line":2,"column":22},"end":{"line":4,"column":1}},"1":{"start":{"line":3,"column":4},"end":{"line":3,"column":62}},"2":{"start":{"line":5,"column":0},"end":{"line":5,"column":62}},"3":{"start":{"line":6,"column":23},"end":{"line":6,"column":65}},"4":{"start":{"line":7,"column":0},"end":{"line":7,"column":46}},"5":{"start":{"line":8,"column":26},"end":{"line":8,"column":71}},"6":{"start":{"line":9,"column":0},"end":{"line":9,"column":52}},"7":{"start":{"line":10,"column":41},"end":{"line":10,"column":101}},"8":{"start":{"line":11,"column":0},"end":{"line":11,"column":82}}},"fnMap":{"0":{"name":"(anonymous_0)","decl":{"start":{"line":2,"column":56},"end":{"line":2,"column":57}},"loc":{"start":{"line":2,"column":71},"end":{"line":4,"column":1}},"line":2}},"branchMap":{"0":{"loc":{"start":{"line":2,"column":22},"end":{"line":4,"column":1}},"type":"binary-expr","locations":[{"start":{"line":2,"column":23},"end":{"line":2,"column":27}},{"start":{"line":2,"column":31},"end":{"line":2,"column":51}},{"start":{"line":2,"column":56},"end":{"line":4,"column":1}}],"line":2},"1":{"loc":{"start":{"line":3,"column":11},"end":{"line":3,"column":61}},"type":"cond-expr","locations":[{"start":{"line":3,"column":37},"end":{"line":3,"column":40}},{"start":{"line":3,"column":43},"end":{"line":3,"column":61}}],"line":3},"2":{"loc":{"start":{"line":3,"column":12},"end":{"line":3,"column":33}},"type":"binary-expr","locations":[{"start":{"line":3,"column":12},"end":{"line":3,"column":15}},{"start":{"line":3,"column":19},"end":{"line":3,"column":33}}],"line":3}},"s":{"0":1,"1":3,"2":1,"3":1,"4":1,"5":1,"6":1,"7":1,"8":1},"f":{"0":3},"b":{"0":[1,1,1],"1":[3,0],"2":[3,3]},"inputSourceMap":{"version":3,"file":"/home/marek/Projects/tomb_racer/back-end/src/game/errors/index.ts","sources":["/home/marek/Projects/tomb_racer/back-end/src/game/errors/index.ts"],"names":[],"mappings":";;;;;AAAA,kEAA0C;AAKtC,uBALG,sBAAY,CAKH;AAJhB,wEAAgD;AAK5C,0BALG,yBAAe,CAKH;AAJnB,sGAA8E;AAK1E,yCALG,wCAA8B,CAKH","sourcesContent":["import GameNotFound from './GameNotFound';\nimport ValidationError from './ValidationError';\nimport NumberOfStartingPointsExceeded from './NumberOfStartingPointsExceeded';\n\nexport {\n    GameNotFound,\n    ValidationError,\n    NumberOfStartingPointsExceeded\n}"]},"_coverageSchema":"1a1c01bbd47fc00a2c39e90264f33305004495a9","hash":"e154cb8067a743e2c37a7547f58566279b2ba421","contentHash":"2236159f0a4aebb19ef559d042a3818b1f660f10b85c3be7163f8fec07176728"},"/home/marek/Projects/tomb_racer/back-end/src/game/errors/GameNotFound.ts":{"path":"/home/marek/Projects/tomb_racer/back-end/src/game/errors/GameNotFound.ts","statementMap":{"0":{"start":{"line":2,"column":22},"end":{"line":4,"column":1}},"1":{"start":{"line":3,"column":4},"end":{"line":3,"column":62}},"2":{"start":{"line":5,"column":0},"end":{"line":5,"column":62}},"3":{"start":{"line":6,"column":17},"end":{"line":6,"column":44}},"4":{"start":{"line":7,"column":20},"end":{"line":7,"column":59}},"5":{"start":{"line":10,"column":8},"end":{"line":10,"column":84}},"6":{"start":{"line":11,"column":8},"end":{"line":11,"column":29}},"7":{"start":{"line":14,"column":0},"end":{"line":14,"column":31}}},"fnMap":{"0":{"name":"(anonymous_0)","decl":{"start":{"line":2,"column":56},"end":{"line":2,"column":57}},"loc":{"start":{"line":2,"column":71},"end":{"line":4,"column":1}},"line":2},"1":{"name":"(anonymous_1)","decl":{"start":{"line":9,"column":4},"end":{"line":9,"column":5}},"loc":{"start":{"line":9,"column":24},"end":{"line":12,"column":5}},"line":9}},"branchMap":{"0":{"loc":{"start":{"line":2,"column":22},"end":{"line":4,"column":1}},"type":"binary-expr","locations":[{"start":{"line":2,"column":23},"end":{"line":2,"column":27}},{"start":{"line":2,"column":31},"end":{"line":2,"column":51}},{"start":{"line":2,"column":56},"end":{"line":4,"column":1}}],"line":2},"1":{"loc":{"start":{"line":3,"column":11},"end":{"line":3,"column":61}},"type":"cond-expr","locations":[{"start":{"line":3,"column":37},"end":{"line":3,"column":40}},{"start":{"line":3,"column":43},"end":{"line":3,"column":61}}],"line":3},"2":{"loc":{"start":{"line":3,"column":12},"end":{"line":3,"column":33}},"type":"binary-expr","locations":[{"start":{"line":3,"column":12},"end":{"line":3,"column":15}},{"start":{"line":3,"column":19},"end":{"line":3,"column":33}}],"line":3}},"s":{"0":1,"1":1,"2":1,"3":1,"4":1,"5":3,"6":3,"7":1},"f":{"0":1,"1":3},"b":{"0":[1,1,1],"1":[1,0],"2":[1,1]},"inputSourceMap":{"version":3,"file":"/home/marek/Projects/tomb_racer/back-end/src/game/errors/GameNotFound.ts","sources":["/home/marek/Projects/tomb_racer/back-end/src/game/errors/GameNotFound.ts"],"names":[],"mappings":";;;;;AAAA,6CAE0B;AAC1B,4DAAoC;AAEpC,MAAqB,YAAa,SAAQ,mBAAS;IAI/C,YAAY,MAAc;QACtB,KAAK,CAAC,kBAAS,CAAC,cAAc,EAAE,SAAS,EAAE,sBAAsB,CAAC,CAAA;QAClE,IAAI,CAAC,MAAM,GAAG,MAAM,CAAC;IACzB,CAAC;CACJ;AARD,+BAQC","sourcesContent":["import { \n    ErrorType,\n} from 'tr-common/events';\nimport GameError from './GameError';\n\nexport default class GameNotFound extends GameError\n{\n    gameId: string;\n\n    constructor(gameId: string) {\n        super(ErrorType.GAME_NOT_FOUND, undefined, \"Could not found game\")\n        this.gameId = gameId;\n    }\n}"]},"_coverageSchema":"1a1c01bbd47fc00a2c39e90264f33305004495a9","hash":"046f0ec144baa353ed2b0676cdf42fb500d5b79f","contentHash":"a7235ff93d5ebd8ab6328af818e103b76ffe22ea8722afac6ad4e57ec5cd67d5"},"/home/marek/Projects/tomb_racer/back-end/src/game/errors/GameError.ts":{"path":"/home/marek/Projects/tomb_racer/back-end/src/game/errors/GameError.ts","statementMap":{"0":{"start":{"line":2,"column":0},"end":{"line":2,"column":62}},"1":{"start":{"line":5,"column":8},"end":{"line":5,"column":23}},"2":{"start":{"line":6,"column":8},"end":{"line":6,"column":25}},"3":{"start":{"line":7,"column":8},"end":{"line":7,"column":28}},"4":{"start":{"line":8,"column":8},"end":{"line":8,"column":29}},"5":{"start":{"line":11,"column":0},"end":{"line":11,"column":28}}},"fnMap":{"0":{"name":"(anonymous_0)","decl":{"start":{"line":4,"column":4},"end":{"line":4,"column":5}},"loc":{"start":{"line":4,"column":56},"end":{"line":9,"column":5}},"line":4}},"branchMap":{"0":{"loc":{"start":{"line":4,"column":22},"end":{"line":4,"column":40}},"type":"default-arg","locations":[{"start":{"line":4,"column":31},"end":{"line":4,"column":40}}],"line":4},"1":{"loc":{"start":{"line":4,"column":42},"end":{"line":4,"column":54}},"type":"default-arg","locations":[{"start":{"line":4,"column":52},"end":{"line":4,"column":54}}],"line":4}},"s":{"0":1,"1":19,"2":19,"3":19,"4":19,"5":1},"f":{"0":19},"b":{"0":[8],"1":[1]},"inputSourceMap":{"version":3,"file":"/home/marek/Projects/tomb_racer/back-end/src/game/errors/GameError.ts","sources":["/home/marek/Projects/tomb_racer/back-end/src/game/errors/GameError.ts"],"names":[],"mappings":";;AAGA,MAAqB,SAAU,SAAQ,KAAK;IAMxC,YACI,IAAe,EACf,SAAiB,SAAS,EAC1B,OAAO,GAAG,EAAE;QAEZ,KAAK,CAAC,OAAO,CAAC,CAAC;QACf,IAAI,CAAC,IAAI,GAAG,IAAI,CAAC;QACjB,IAAI,CAAC,OAAO,GAAG,IAAI,CAAC;QACpB,IAAI,CAAC,MAAM,GAAG,MAAM,CAAC;IACzB,CAAC;CACJ;AAhBD,4BAgBC","sourcesContent":["import { ErrorType, ErrorEvent } from 'tr-common/events';\nimport { GameId } from 'tr-common/data_types';\n\nexport default class GameError extends Error implements ErrorEvent\n{\n    type: ErrorType;\n    isError: boolean;\n    origin: string | undefined;\n    \n    constructor(\n        type: ErrorType, \n        origin: string = undefined, \n        message = \"\"\n    ) {\n        super(message);\n        this.type = type;\n        this.isError = true;\n        this.origin = origin;\n    } \n}"]},"_coverageSchema":"1a1c01bbd47fc00a2c39e90264f33305004495a9","hash":"24b3cebbaf3655a5dbe262e70859996884f9be29","contentHash":"d37d6c1c392c1e56869a9a42481d152af43395e179462c7c3772444bbf1b374f"},"/home/marek/Projects/tomb_racer/back-end/src/game/errors/ValidationError.ts":{"path":"/home/marek/Projects/tomb_racer/back-end/src/game/errors/ValidationError.ts","statementMap":{"0":{"start":{"line":2,"column":22},"end":{"line":4,"column":1}},"1":{"start":{"line":3,"column":4},"end":{"line":3,"column":62}},"2":{"start":{"line":5,"column":0},"end":{"line":5,"column":62}},"3":{"start":{"line":6,"column":20},"end":{"line":6,"column":59}},"4":{"start":{"line":9,"column":8},"end":{"line":9,"column":29}},"5":{"start":{"line":10,"column":8},"end":{"line":10,"column":25}},"6":{"start":{"line":11,"column":8},"end":{"line":11,"column":27}},"7":{"start":{"line":14,"column":0},"end":{"line":14,"column":34}}},"fnMap":{"0":{"name":"(anonymous_0)","decl":{"start":{"line":2,"column":56},"end":{"line":2,"column":57}},"loc":{"start":{"line":2,"column":71},"end":{"line":4,"column":1}},"line":2},"1":{"name":"(anonymous_1)","decl":{"start":{"line":8,"column":4},"end":{"line":8,"column":5}},"loc":{"start":{"line":8,"column":59},"end":{"line":12,"column":5}},"line":8}},"branchMap":{"0":{"loc":{"start":{"line":2,"column":22},"end":{"line":4,"column":1}},"type":"binary-expr","locations":[{"start":{"line":2,"column":23},"end":{"line":2,"column":27}},{"start":{"line":2,"column":31},"end":{"line":2,"column":51}},{"start":{"line":2,"column":56},"end":{"line":4,"column":1}}],"line":2},"1":{"loc":{"start":{"line":3,"column":11},"end":{"line":3,"column":61}},"type":"cond-expr","locations":[{"start":{"line":3,"column":37},"end":{"line":3,"column":40}},{"start":{"line":3,"column":43},"end":{"line":3,"column":61}}],"line":3},"2":{"loc":{"start":{"line":3,"column":12},"end":{"line":3,"column":33}},"type":"binary-expr","locations":[{"start":{"line":3,"column":12},"end":{"line":3,"column":15}},{"start":{"line":3,"column":19},"end":{"line":3,"column":33}}],"line":3},"3":{"loc":{"start":{"line":8,"column":29},"end":{"line":8,"column":57}},"type":"default-arg","locations":[{"start":{"line":8,"column":39},"end":{"line":8,"column":57}}],"line":8}},"s":{"0":1,"1":1,"2":1,"3":1,"4":0,"5":0,"6":0,"7":1},"f":{"0":1,"1":0},"b":{"0":[1,1,1],"1":[1,0],"2":[1,1],"3":[0]},"inputSourceMap":{"version":3,"file":"/home/marek/Projects/tomb_racer/back-end/src/game/errors/ValidationError.ts","sources":["/home/marek/Projects/tomb_racer/back-end/src/game/errors/ValidationError.ts"],"names":[],"mappings":";;;;;AAAA,4DAAoC;AAGpC,MAAqB,eAAgB,SAAQ,mBAAS;IAIlD,YAAY,IAAe,EAAE,KAAa,EAAE,UAAkB,kBAAkB;QAE5E,KAAK,CAAC,IAAI,EAAE,OAAO,CAAC,CAAC;QACrB,IAAI,CAAC,IAAI,GAAG,IAAI,CAAC;QACjB,IAAI,CAAC,KAAK,GAAG,KAAK,CAAC;IACvB,CAAC;CACJ;AAVD,kCAUC","sourcesContent":["import GameError from './GameError';\nimport { ErrorType } from 'tr-common/events';\n\nexport default class ValidationError extends GameError\n{\n    field: string;\n    \n    constructor(type: ErrorType, field: string, message: string = \"Validatoin Error\")\n    {\n        super(type, message);\n        this.type = type;\n        this.field = field;\n    }\n}"]},"_coverageSchema":"1a1c01bbd47fc00a2c39e90264f33305004495a9","hash":"0f230a321b7f8d79b975bbcd0ff67422d3651fa6","contentHash":"32dd1198dfb28426222b684aebe5d82700b2ace5c4b35d876b3701381e006ab0"},"/home/marek/Projects/tomb_racer/back-end/src/game/errors/NumberOfStartingPointsExceeded.ts":{"path":"/home/marek/Projects/tomb_racer/back-end/src/game/errors/NumberOfStartingPointsExceeded.ts","statementMap":{"0":{"start":{"line":2,"column":22},"end":{"line":4,"column":1}},"1":{"start":{"line":3,"column":4},"end":{"line":3,"column":62}},"2":{"start":{"line":5,"column":0},"end":{"line":5,"column":62}},"3":{"start":{"line":6,"column":17},"end":{"line":6,"column":44}},"4":{"start":{"line":7,"column":20},"end":{"line":7,"column":59}},"5":{"start":{"line":10,"column":8},"end":{"line":10,"column":115}},"6":{"start":{"line":11,"column":8},"end":{"line":11,"column":53}},"7":{"start":{"line":14,"column":0},"end":{"line":14,"column":49}}},"fnMap":{"0":{"name":"(anonymous_0)","decl":{"start":{"line":2,"column":56},"end":{"line":2,"column":57}},"loc":{"start":{"line":2,"column":71},"end":{"line":4,"column":1}},"line":2},"1":{"name":"(anonymous_1)","decl":{"start":{"line":9,"column":4},"end":{"line":9,"column":5}},"loc":{"start":{"line":9,"column":44},"end":{"line":12,"column":5}},"line":9}},"branchMap":{"0":{"loc":{"start":{"line":2,"column":22},"end":{"line":4,"column":1}},"type":"binary-expr","locations":[{"start":{"line":2,"column":23},"end":{"line":2,"column":27}},{"start":{"line":2,"column":31},"end":{"line":2,"column":51}},{"start":{"line":2,"column":56},"end":{"line":4,"column":1}}],"line":2},"1":{"loc":{"start":{"line":3,"column":11},"end":{"line":3,"column":61}},"type":"cond-expr","locations":[{"start":{"line":3,"column":37},"end":{"line":3,"column":40}},{"start":{"line":3,"column":43},"end":{"line":3,"column":61}}],"line":3},"2":{"loc":{"start":{"line":3,"column":12},"end":{"line":3,"column":33}},"type":"binary-expr","locations":[{"start":{"line":3,"column":12},"end":{"line":3,"column":15}},{"start":{"line":3,"column":19},"end":{"line":3,"column":33}}],"line":3}},"s":{"0":1,"1":1,"2":1,"3":1,"4":1,"5":1,"6":1,"7":1},"f":{"0":1,"1":1},"b":{"0":[1,1,1],"1":[1,0],"2":[1,1]},"inputSourceMap":{"version":3,"file":"/home/marek/Projects/tomb_racer/back-end/src/game/errors/NumberOfStartingPointsExceeded.ts","sources":["/home/marek/Projects/tomb_racer/back-end/src/game/errors/NumberOfStartingPointsExceeded.ts"],"names":[],"mappings":";;;;;AAAA,6CAG0B;AAC1B,4DAAoC;AAEpC,MAAqB,8BAA+B,SAAQ,mBAAS;IAIjE,YAAY,kBAA0B,EAAE,MAAc;QAClD,KAAK,CAAC,kBAAS,CAAC,kCAAkC,EAAE,MAAM,EAAE,oCAAoC,CAAC,CAAC;QAClG,IAAI,CAAC,kBAAkB,GAAG,kBAAkB,CAAC;IACjD,CAAC;CACJ;AARD,iDAQC","sourcesContent":["import { \n    ErrorType,\n    StartingPointsExceeded\n} from 'tr-common/events';\nimport GameError from './GameError';\n\nexport default class NumberOfStartingPointsExceeded extends GameError implements StartingPointsExceeded\n{\n    maxNumberOfPlayers: number;\n\n    constructor(maxNumberOfPlayers: number, gameId: string) {\n        super(ErrorType.NUMBER_OF_STARTING_POINTS_EXCEEDED, gameId, \"Number of starting points exceeded\");\n        this.maxNumberOfPlayers = maxNumberOfPlayers;    \n    }\n}"]},"_coverageSchema":"1a1c01bbd47fc00a2c39e90264f33305004495a9","hash":"97d221662a58c404153d2c1dc655a5508ef0422e","contentHash":"fbd0bb63993a036d8833463affca869cfad82abc1b11218006989e2a2b60936c"},"/home/marek/Projects/tomb_racer/back-end/src/game/events/index.ts":{"path":"/home/marek/Projects/tomb_racer/back-end/src/game/events/index.ts","statementMap":{"0":{"start":{"line":2,"column":22},"end":{"line":4,"column":1}},"1":{"start":{"line":3,"column":4},"end":{"line":3,"column":62}},"2":{"start":{"line":5,"column":0},"end":{"line":5,"column":62}},"3":{"start":{"line":6,"column":27},"end":{"line":6,"column":73}},"4":{"start":{"line":7,"column":0},"end":{"line":7,"column":54}},"5":{"start":{"line":8,"column":28},"end":{"line":8,"column":75}},"6":{"start":{"line":9,"column":0},"end":{"line":9,"column":56}}},"fnMap":{"0":{"name":"(anonymous_0)","decl":{"start":{"line":2,"column":56},"end":{"line":2,"column":57}},"loc":{"start":{"line":2,"column":71},"end":{"line":4,"column":1}},"line":2}},"branchMap":{"0":{"loc":{"start":{"line":2,"column":22},"end":{"line":4,"column":1}},"type":"binary-expr","locations":[{"start":{"line":2,"column":23},"end":{"line":2,"column":27}},{"start":{"line":2,"column":31},"end":{"line":2,"column":51}},{"start":{"line":2,"column":56},"end":{"line":4,"column":1}}],"line":2},"1":{"loc":{"start":{"line":3,"column":11},"end":{"line":3,"column":61}},"type":"cond-expr","locations":[{"start":{"line":3,"column":37},"end":{"line":3,"column":40}},{"start":{"line":3,"column":43},"end":{"line":3,"column":61}}],"line":3},"2":{"loc":{"start":{"line":3,"column":12},"end":{"line":3,"column":33}},"type":"binary-expr","locations":[{"start":{"line":3,"column":12},"end":{"line":3,"column":15}},{"start":{"line":3,"column":19},"end":{"line":3,"column":33}}],"line":3}},"s":{"0":1,"1":2,"2":1,"3":1,"4":1,"5":1,"6":1},"f":{"0":2},"b":{"0":[1,1,1],"1":[2,0],"2":[2,2]},"inputSourceMap":{"version":3,"file":"/home/marek/Projects/tomb_racer/back-end/src/game/events/index.ts","sources":["/home/marek/Projects/tomb_racer/back-end/src/game/events/index.ts"],"names":[],"mappings":";;;;;AAAA,0EAAkD;AAI9C,2BAJG,0BAAgB,CAIH;AAHpB,4EAAoD;AAIhD,4BAJG,2BAAiB,CAIH","sourcesContent":["import GameCreatedEvent from './GameCreatedEvent';\nimport PlayerJoinedEvent from './PlayerJoinedEvent';\n\nexport {\n    GameCreatedEvent,\n    PlayerJoinedEvent\n}"]},"_coverageSchema":"1a1c01bbd47fc00a2c39e90264f33305004495a9","hash":"9650f5f3ada27d3afd4d289b5fa7268dced3697d","contentHash":"8781ba583224c51627fa0f11d228d3d20bfb20dc23bf1cdc421c6b3ea96eaee7"},"/home/marek/Projects/tomb_racer/back-end/src/game/events/GameCreatedEvent.ts":{"path":"/home/marek/Projects/tomb_racer/back-end/src/game/events/GameCreatedEvent.ts","statementMap":{"0":{"start":{"line":2,"column":19},"end":{"line":8,"column":1}},"1":{"start":{"line":3,"column":4},"end":{"line":3,"column":42}},"2":{"start":{"line":3,"column":31},"end":{"line":3,"column":42}},"3":{"start":{"line":4,"column":17},"end":{"line":4,"column":19}},"4":{"start":{"line":5,"column":4},"end":{"line":5,"column":99}},"5":{"start":{"line":5,"column":21},"end":{"line":5,"column":99}},"6":{"start":{"line":5,"column":40},"end":{"line":5,"column":99}},"7":{"start":{"line":5,"column":80},"end":{"line":5,"column":99}},"8":{"start":{"line":6,"column":4},"end":{"line":6,"column":28}},"9":{"start":{"line":7,"column":4},"end":{"line":7,"column":18}},"10":{"start":{"line":9,"column":0},"end":{"line":9,"column":62}},"11":{"start":{"line":10,"column":17},"end":{"line":10,"column":55}},"12":{"start":{"line":13,"column":8},"end":{"line":17,"column":11}},"13":{"start":{"line":20,"column":0},"end":{"line":20,"column":35}}},"fnMap":{"0":{"name":"(anonymous_0)","decl":{"start":{"line":2,"column":50},"end":{"line":2,"column":51}},"loc":{"start":{"line":2,"column":65},"end":{"line":8,"column":1}},"line":2},"1":{"name":"(anonymous_1)","decl":{"start":{"line":12,"column":4},"end":{"line":12,"column":5}},"loc":{"start":{"line":12,"column":22},"end":{"line":18,"column":5}},"line":12}},"branchMap":{"0":{"loc":{"start":{"line":2,"column":19},"end":{"line":8,"column":1}},"type":"binary-expr","locations":[{"start":{"line":2,"column":20},"end":{"line":2,"column":24}},{"start":{"line":2,"column":28},"end":{"line":2,"column":45}},{"start":{"line":2,"column":50},"end":{"line":8,"column":1}}],"line":2},"1":{"loc":{"start":{"line":3,"column":4},"end":{"line":3,"column":42}},"type":"if","locations":[{"start":{"line":3,"column":4},"end":{"line":3,"column":42}},{"start":{"line":3,"column":4},"end":{"line":3,"column":42}}],"line":3},"2":{"loc":{"start":{"line":3,"column":8},"end":{"line":3,"column":29}},"type":"binary-expr","locations":[{"start":{"line":3,"column":8},"end":{"line":3,"column":11}},{"start":{"line":3,"column":15},"end":{"line":3,"column":29}}],"line":3},"3":{"loc":{"start":{"line":5,"column":4},"end":{"line":5,"column":99}},"type":"if","locations":[{"start":{"line":5,"column":4},"end":{"line":5,"column":99}},{"start":{"line":5,"column":4},"end":{"line":5,"column":99}}],"line":5},"4":{"loc":{"start":{"line":5,"column":40},"end":{"line":5,"column":99}},"type":"if","locations":[{"start":{"line":5,"column":40},"end":{"line":5,"column":99}},{"start":{"line":5,"column":40},"end":{"line":5,"column":99}}],"line":5}},"s":{"0":1,"1":1,"2":1,"3":0,"4":0,"5":0,"6":0,"7":0,"8":0,"9":0,"10":1,"11":1,"12":35,"13":1},"f":{"0":1,"1":35},"b":{"0":[1,1,1],"1":[1,0],"2":[1,1],"3":[0,0],"4":[0,0]},"inputSourceMap":{"version":3,"file":"/home/marek/Projects/tomb_racer/back-end/src/game/events/GameCreatedEvent.ts","sources":["/home/marek/Projects/tomb_racer/back-end/src/game/events/GameCreatedEvent.ts"],"names":[],"mappings":";;;;;;;;;AAAA,wDAAyC;AAGzC,MAAqB,gBAAiB,SAAQ,QAAQ,CAAC,MAAM,CAAC,KAAK;IAE/D,YAAY,IAAU;QAClB,KAAK,CACD,QAAQ,CAAC,MAAM,CAAC,SAAS,CAAC,YAAY,EACtC;YACI,MAAM,EAAE,IAAI,CAAC,EAAE;YACf,QAAQ,EAAE,IAAI,CAAC,IAAI;YACnB,eAAe,EAAE,IAAI,CAAC,OAAO,CAAC,MAAM;SACvC,CACJ,CAAA;IACL,CAAC;CACJ;AAZD,mCAYC","sourcesContent":["import * as contract from './../contract'\nimport { Game } from '../model';\n\nexport default class GameCreatedEvent extends contract.events.Event\n{\n    constructor(game: Game) {\n        super(\n            contract.events.EventType.GAME_CREATED,\n            {\n                gameId: game.id,\n                gameName: game.name,\n                numberOfPlayers: game.players.length\n            }\n        )
[...]
ine":48,"column":104}},"38":{"start":{"line":49,"column":16},"end":{"line":49,"column":28}},"39":{"start":{"line":52,"column":4},"end":{"line":66,"column":7}},"40":{"start":{"line":53,"column":24},"end":{"line":53,"column":71}},"41":{"start":{"line":54,"column":8},"end":{"line":54,"column":58}},"42":{"start":{"line":55,"column":8},"end":{"line":55,"column":71}},"43":{"start":{"line":56,"column":8},"end":{"line":56,"column":72}},"44":{"start":{"line":57,"column":8},"end":{"line":57,"column":71}},"45":{"start":{"line":58,"column":8},"end":{"line":58,"column":74}},"46":{"start":{"line":59,"column":8},"end":{"line":59,"column":74}},"47":{"start":{"line":60,"column":23},"end":{"line":60,"column":59}},"48":{"start":{"line":61,"column":8},"end":{"line":61,"column":49}},"49":{"start":{"line":62,"column":8},"end":{"line":62,"column":80}},"50":{"start":{"line":63,"column":8},"end":{"line":63,"column":81}},"51":{"start":{"line":64,"column":8},"end":{"line":64,"column":81}},"52":{"start":{"line":65,"column":8},"end":{"line":65,"column":81}},"53":{"start":{"line":67,"column":4},"end":{"line":71,"column":7}},"54":{"start":{"line":68,"column":8},"end":{"line":68,"column":24}},"55":{"start":{"line":69,"column":28},"end":{"line":69,"column":67}},"56":{"start":{"line":70,"column":8},"end":{"line":70,"column":61}},"57":{"start":{"line":72,"column":4},"end":{"line":77,"column":7}},"58":{"start":{"line":73,"column":8},"end":{"line":73,"column":24}},"59":{"start":{"line":74,"column":23},"end":{"line":74,"column":59}},"60":{"start":{"line":75,"column":8},"end":{"line":75,"column":80}},"61":{"start":{"line":76,"column":8},"end":{"line":76,"column":61}},"62":{"start":{"line":78,"column":4},"end":{"line":90,"column":7}},"63":{"start":{"line":79,"column":8},"end":{"line":79,"column":29}},"64":{"start":{"line":80,"column":29},"end":{"line":84,"column":9}},"65":{"start":{"line":85,"column":8},"end":{"line":85,"column":24}},"66":{"start":{"line":86,"column":21},"end":{"line":86,"column":60}},"67":{"start":{"line":87,"column":22},"end":{"line":87,"column":61}},"68":{"start":{"line":88,"column":8},"end":{"line":88,"column":67}},"69":{"start":{"line":89,"column":8},"end":{"line":89,"column":66}}},"fnMap":{"0":{"name":"(anonymous_0)","decl":{"start":{"line":2,"column":56},"end":{"line":2,"column":57}},"loc":{"start":{"line":2,"column":71},"end":{"line":4,"column":1}},"line":2},"1":{"name":"(anonymous_1)","decl":{"start":{"line":12,"column":30},"end":{"line":12,"column":31}},"loc":{"start":{"line":12,"column":36},"end":{"line":91,"column":1}},"line":12},"2":{"name":"(anonymous_2)","decl":{"start":{"line":16,"column":54},"end":{"line":16,"column":55}},"loc":{"start":{"line":16,"column":60},"end":{"line":25,"column":5}},"line":16},"3":{"name":"(anonymous_3)","decl":{"start":{"line":17,"column":32},"end":{"line":17,"column":33}},"loc":{"start":{"line":17,"column":38},"end":{"line":19,"column":9}},"line":17},"4":{"name":"(anonymous_4)","decl":{"start":{"line":19,"column":11},"end":{"line":19,"column":12}},"loc":{"start":{"line":19,"column":22},"end":{"line":24,"column":9}},"line":19},"5":{"name":"(anonymous_5)","decl":{"start":{"line":26,"column":61},"end":{"line":26,"column":62}},"loc":{"start":{"line":26,"column":67},"end":{"line":37,"column":5}},"line":26},"6":{"name":"(anonymous_6)","decl":{"start":{"line":29,"column":32},"end":{"line":29,"column":33}},"loc":{"start":{"line":29,"column":38},"end":{"line":31,"column":9}},"line":29},"7":{"name":"(anonymous_7)","decl":{"start":{"line":31,"column":11},"end":{"line":31,"column":12}},"loc":{"start":{"line":31,"column":22},"end":{"line":36,"column":9}},"line":31},"8":{"name":"(anonymous_8)","decl":{"start":{"line":38,"column":52},"end":{"line":38,"column":53}},"loc":{"start":{"line":38,"column":58},"end":{"line":51,"column":9}},"line":38},"9":{"name":"(anonymous_9)","decl":{"start":{"line":42,"column":36},"end":{"line":42,"column":37}},"loc":{"start":{"line":42,"column":42},"end":{"line":45,"column":13}},"line":42},"10":{"name":"(anonymous_10)","decl":{"start":{"line":45,"column":15},"end":{"line":45,"column":16}},"loc":{"start":{"line":45,"column":26},"end":{"line":50,"column":13}},"line":45},"11":{"name":"(anonymous_11)","decl":{"start":{"line":52,"column":66},"end":{"line":52,"column":67}},"loc":{"start":{"line":52,"column":72},"end":{"line":66,"column":5}},"line":52},"12":{"name":"(anonymous_12)","decl":{"start":{"line":67,"column":63},"end":{"line":67,"column":64}},"loc":{"start":{"line":67,"column":69},"end":{"line":71,"column":5}},"line":67},"13":{"name":"(anonymous_13)","decl":{"start":{"line":72,"column":47},"end":{"line":72,"column":48}},"loc":{"start":{"line":72,"column":53},"end":{"line":77,"column":5}},"line":72},"14":{"name":"(anonymous_14)","decl":{"start":{"line":78,"column":40},"end":{"line":78,"column":41}},"loc":{"start":{"line":78,"column":46},"end":{"line":90,"column":5}},"line":78}},"branchMap":{"0":{"loc":{"start":{"line":2,"column":22},"end":{"line":4,"column":1}},"type":"binary-expr","locations":[{"start":{"line":2,"column":23},"end":{"line":2,"column":27}},{"start":{"line":2,"column":31},"end":{"line":2,"column":51}},{"start":{"line":2,"column":56},"end":{"line":4,"column":1}}],"line":2},"1":{"loc":{"start":{"line":3,"column":11},"end":{"line":3,"column":61}},"type":"cond-expr","locations":[{"start":{"line":3,"column":37},"end":{"line":3,"column":40}},{"start":{"line":3,"column":43},"end":{"line":3,"column":61}}],"line":3},"2":{"loc":{"start":{"line":3,"column":12},"end":{"line":3,"column":33}},"type":"binary-expr","locations":[{"start":{"line":3,"column":12},"end":{"line":3,"column":15}},{"start":{"line":3,"column":19},"end":{"line":3,"column":33}}],"line":3}},"s":{"0":1,"1":1,"2":1,"3":1,"4":1,"5":1,"6":1,"7":1,"8":1,"9":1,"10":1,"11":1,"12":1,"13":1,"14":1,"15":1,"16":1,"17":1,"18":1,"19":1,"20":1,"21":1,"22":1,"23":1,"24":1,"25":1,"26":1,"27":1,"28":1,"29":1,"30":1,"31":1,"32":1,"33":1,"34":1,"35":1,"36":1,"37":1,"38":1,"39":1,"40":1,"41":1,"42":1,"43":1,"44":1,"45":1,"46":1,"47":1,"48":1,"49":1,"50":1,"51":1,"52":1,"53":1,"54":1,"55":1,"56":1,"57":1,"58":1,"59":1,"60":1,"61":1,"62":1,"63":1,"64":1,"65":1,"66":1,"67":1,"68":1,"69":1},"f":{"0":1,"1":1,"2":1,"3":1,"4":1,"5":1,"6":1,"7":1,"8":1,"9":1,"10":1,"11":1,"12":1,"13":1,"14":1},"b":{"0":[1,1,1],"1":[0,1],"2":[1,1]},"inputSourceMap":{"version":3,"file":"/home/marek/Projects/tomb_racer/back-end/tests/Game/StartingGame.test.ts","sources":["/home/marek/Projects/tomb_racer/back-end/tests/Game/StartingGame.test.ts"],"names":[],"mappings":";;;;;AAAA,iBAAe;AACf,oDAA4B;AAC5B,yCAAiD;AACjD,uDAAiE;AACjE,2DAA2D;AAC3D,6CAAkF;AAElF,QAAQ,CAAC,mBAAmB,EAAE,GAAG,EAAE;IAC/B,MAAM,GAAG,GAAG,IAAI,iCAAe,EAAE,CAAC;IAClC,MAAM,YAAY,GAAG,CAAC,CAAC,YAAK,CAAC,aAAa,EAAE,EAAE,YAAK,CAAC,aAAa,EAAE,EAAE,YAAK,CAAC,aAAa,EAAE,CAAC,CAAC,CAAC;IAE7F,UAAU,CAAC,GAAG,CAAC,WAAW,EAAE,CAAC,CAAC;IAE9B,EAAE,CAAE,6CAA6C,EAAE,GAAG,EAAE;QACpD,gBAAM,CAAC,MAAM,CAAC,GAAG,EAAE;YACf,GAAG,CAAC,WAAW,CAAC,YAAY,CAAC,6BAAW,CAAC,KAAK,CAAC,CAAC;QACpD,CAAC,EAAE,CAAC,KAAK,EAAE,EAAE;YACT,gBAAM,CAAC,KAAK,CAAC,KAAK,CAAC,IAAI,EAAE,kBAAS,CAAC,iBAAiB,CAAC,CAAC;YACtD,gBAAM,CAAC,KAAK,CAAC,KAAK,CAAC,MAAM,CAAC,IAAI,EAAE,kBAAS,CAAC,cAAc,CAAC,CAAC;YAC1D,gBAAM,CAAC,KAAK,CAAC,KAAK,CAAC,MAAM,CAAC,MAAM,EAAE,6BAAW,CAAC,KAAK,CAAC,MAAM,CAAC,CAAA;YAC3D,OAAO,IAAI,CAAC;QAChB,CAAC,CAAC,CAAA;IACN,CAAC,CAAC,CAAA;IAEF,EAAE,CAAE,oDAAoD,EAAE,GAAG,EAAE;QAC3D,MAAM,OAAO,GAAG,IAAI,eAAQ,CAAC,GAAG,CAAC,UAAU,CAAC,WAAW,CAAC,CAAC;QACzD,GAAG,CAAC,WAAW,CAAC,UAAU,CAAC,OAAO,EAAE,YAAY,CAAC,CAAC;QAElD,gBAAM,CAAC,MAAM,CAAC,GAAG,EAAE;YACf,GAAG,CAAC,WAAW,CAAC,YAAY,CAAC,6BAAW,CAAC,MAAM,CAAC,CAAC;QACrD,CAAC,EAAE,CAAC,KAAK,EAAE,EAAE;YACT,gBAAM,CAAC,KAAK,CAAC,KAAK,CAAC,IAAI,EAAE,kBAAS,CAAC,iBAAiB,CAAC,CAAC;YACtD,gBAAM,CAAC,KAAK,CAAC,KAAK,CAAC,MAAM,CAAC,IAAI,EAAE,kBAAS,CAAC,cAAc,CAAC,CAAC;YAC1D,gBAAM,CAAC,KAAK,CAAC,KAAK,CAAC,MAAM,CAAC,YAAY,EAAE,6BAAW,CAAC,MAAM,CAAC,MAAM,CAAC,CAAA;YAClE,OAAO,IAAI,CAAC;QAChB,CAAC,CAAC,CAAA;IACN,CAAC,CAAC;QAEF,EAAE,CAAE,uCAAuC,EAAE,GAAG,EAAE;YAC9C,MAAM,OAAO,GAAG,IAAI,eAAQ,CAAC,GAAG,CAAC,UAAU,CAAC,WAAW,CAAC,CAAC;YACzD,GAAG,CAAC,WAAW,CAAC,UAAU,CAAC,OAAO,EAAE,YAAY,CAAC,CAAC;YAElD,GAAG,CAAC,WAAW,CAAC,SAAS,CAAC,6BAAW,CAAC,KAAK,CAAC,CAAC;YAE7C,gBAAM,CAAC,MAAM,CAAC,GAAG,EAAE;gBACf,GAAG,CAAC,WAAW,CAAC,YAAY,CAAC,6BAAW,CAAC,KAAK,CAAC,CAAC;gBAChD,GAAG,CAAC,WAAW,CAAC,YAAY,CAAC,6BAAW,CAAC,KAAK,CAAC,CAAC;YACpD,CAAC,EAAE,CAAC,KAAK,EAAE,EAAE;gBACT,gBAAM,CAAC,KAAK,CAAC,KAAK,CAAC,IAAI,EAAE,mBAAmB,CAAC,CAAC;gBAC9C,gBAAM,CAAC,KAAK,CAAC,KAAK,CAAC,MAAM,CAAC,IAAI,EAAE,oBAAoB,CAAC,CAAA;gBACrD,gBAAM,CAAC,KAAK,CAAC,KAAK,CAAC,MAAM,CAAC,MAAM,EAAE,6BAAW,CAAC,KAAK,CAAC,MAAM,CAAC,CAAC;gBAC5D,OAAO,IAAI,CAAC;YAChB,CAAC,CAAC,CAAA;QACN,CAAC,CAAC,CAAA;IAEF,EAAE,CAAE,yDAAyD,EAAE,GAAG,EAAE;QAChE,MAAM,OAAO,GAAG,IAAI,eAAQ,CAAC,GAAG,CAAC,UAAU,CAAC,WAAW,CAAC,CAAC;QACzD,GAAG,CAAC,WAAW,CAAC,UAAU,CAAC,OAAO,EAAE,YAAY,CAAC,CAAC;QAClD,GAAG,CAAC,WAAW,CAAC,SAAS,CAAC,6BAAW,CAAC,KAAK,CAAC,CAAC;QAC7C,GAAG,CAAC,WAAW,CAAC,SAAS,CAAC,6BAAW,CAAC,MAAM,CAAC,CAAC;QAC9C,GAAG,CAAC,WAAW,CAAC,SAAS,CAAC,6BAAW,CAAC,KAAK,CAAC,CAAC;QAE7C,GAAG,CAAC,WAAW,CAAC,YAAY,CAAC,6BAAW,CAAC,KAAK,CAAC,CAAC;QAChD,GAAG,CAAC,WAAW,CAAC,YAAY,CAAC,6BAAW,CAAC,KAAK,CAAC,CAAC;QAEhD,MAAM,MAAM,GAAG,GAAG,CAAC,eAAe,CAAC,gBAAgB,CAAC;QAEpD,gBAAM,CAAC,KAAK,CAAC,MAAM,CAAC,MAAM,EAAE,CAAC,CAAC,CAAC;QAC/B,gBAAM,CAAC,KAAK,CAAC,MAAM,CAAC,CAAC,CAAC,CAAC,IAAI,EAAE,kBAAS,CAAC,YAAY,CAAC,CAAC;QACrD,gBAAM,CAAC,KAAK,CAAC,MAAM,CAAC,CAAC,CAAC,CAAC,IAAI,EAAE,kBAAS,CAAC,aAAa,CAAC,CAAC;QACtD,gBAAM,CAAC,KAAK,CAAC,MAAM,CAAC,CAAC,CAAC,CAAC,IAAI,EAAE,kBAAS,CAAC,aAAa,CAAC,CAAC;QACtD,gBAAM,CAAC,KAAK,CAAC,MAAM,CAAC,CAAC,CAAC,CAAC,IAAI,EAAE,kBAAS,CAAC,aAAa,CAAC,CAAC;IAC1D,CAAC,CAAC,CAAA;IAEF,EAAE,CAAE,sDAAsD,EAAE,GAAG,EAAE;QAC7D,GAAG,CAAC,SAAS,EAAE,CAAC;QAEhB,MAAM,WAAW,GAAG,GAAG,CAAC,iBAAiB,CAAC,cAAc,CAAC,CAAC,CAAC,CAAC;QAC5D,gBAAM,CAAC,KAAK,CAAC,WAAW,CAAC,KAAK,EAAE,SAAS,CAAC,CAAC;IAC/C,CAAC,CAAC,CAAA;IAEF,EAAE,CAAE,sCAAsC,EAAE,GAAG,EAAE;QAC7C,GAAG,CAAC,SAAS,EAAE,CAAC;QAEhB,MAAM,MAAM,GAAG,GAAG,CAAC,eAAe,CAAC,gBAAgB,CAAC;QACpD,gBAAM,CAAC,KAAK,CAAC,MAAM,CAAC,CAAC,CAAC,CAAC,IAAI,EAAE,kBAAS,CAAC,YAAY,CAAC,CAAC;QACrD,gBAAM,CAAC,KAAK,CAAC,MAAM,CAAC,CAAC,CAAC,CAAC,IAAI,CAAC,MAAM,EAAE,KAAK,CAAC,CAAA;IAC9C,CAAC,CAAC,CAAA;IAEF,EAAE,CAAE,+BAA+B,EAAE,GAAG,EAAE;QACtC,GAAG,CAAC,YAAY,GAAG,CAAC,CAAA;QACpB,MAAM,YAAY,GAAG;YACjB,MAAM,EAAE,6BAAW,CAAC,KAAK,CAAC,MAAM;YAChC,YAAY,EAAE,CAAC;YACf,UAAU,EAAE,GAAG,CAAC,YAAY;SAC/B,CAAA;QACD,GAAG,CAAC,SAAS,EAAE,CAAC;QAEhB,MAAM,IAAI,GAAG,GAAG,CAAC,iBAAiB,CAAC,cAAc,CAAC,CAAC,CAAC,CAAC;QACrD,MAAM,KAAK,GAAG,GAAG,CAAC,eAAe,CAAC,gBAAgB,CAAC,CAAC,CAAC,CAAC;QAEtD,gBAAM,CAAC,SAAS,CAAC,IAAI,CAAC,WAAW,EAAE,YAAY,CAAC,CAAC;QACjD,gBAAM,CAAC,SAAS,CAAC,KAAK,CAAC,IAAI,CAAC,IAAI,EAAE,YAAY,CAAC,CAAC;IACpD,CAAC,CAAC,CAAA;AACN,CAAC,CAAC,CAAA","sourcesContent":["import 'mocha';\nimport assert from 'assert';\nimport { contract, Tiles } from '../../src/game';\nimport { GameTestContext, UserExample } from './GameTestContext';\nimport { EventType } from '../../src/game/contract/Events';\nimport { UserNotFoundInGame, CannotStartGame, ErrorType } from 'tr-common/events';\n\ndescribe('Starting the game', () => {\n    const ctx = new GameTestContext();\n    const defaultBoard = [[Tiles.startingPoint(), Tiles.startingPoint(), Tiles.startingPoint()]];\n    \n    beforeEach(ctx.initializer());\n\n    it ('cannot be done on game that does not exists', () => {\n        assert.throws(() => {\n            ctx.gameService.startRequest(UserExample.first);\n        }, (error) => {\n            assert.equal(error.type, ErrorType.CANNOT_START_GAME);\n            assert.equal(error.reason.type, ErrorType.GAME_NOT_FOUND);\n            assert.equal(error.reason.gameId, UserExample.first.gameId)\n            return true;\n        })\n    })\n\n    it ('cannot be done by the user that is not in the game', () => {\n        const gameDef = new contract.DTO.CreateGame(\"Some Game\");\n        ctx.gameService.createGame(gameDef, defaultBoard);\n\n        assert.throws(() => {\n            ctx.gameService.startRequest(UserExample.second);\n        }, (error) => {\n            assert.equal(error.type, ErrorType.CANNOT_START_GAME);\n            assert.equal(error.reason.type, ErrorType.USER_NOT_FOUND);\n            assert.equal(error.reason.searchedUser, UserExample.second.userId)\n            return true;\n        })\n    }), \n\n    it ('cannot be done by the same user twice', () => {\n        const gameDef = new contract.DTO.CreateGame(\"Some game\");\n        ctx.gameService.createGame(gameDef, defaultBoard); \n\n        ctx.gameService.addPlayer(UserExample.first);\n\n        assert.throws(() => {\n            ctx.gameService.startRequest(UserExample.first);\n            ctx.gameService.startRequest(UserExample.first);\n        }, (error) => {\n            assert.equal(error.type, \"CANNOT START GAME\");\n            assert.equal(error.reason.type, \"GAME STARTED TWICE\")\n            assert.equal(error.reason.userId, UserExample.first.userId);\n            return true;\n        })\n    })\n\n    it ('only can be done when all player request start the game', () => {\n        const gameDef = new contract.DTO.CreateGame(\"some-game\");\n        ctx.gameService.createGame(gameDef, defaultBoard);\n        ctx.gameService.addPlayer(UserExample.first);\n        ctx.gameService.addPlayer(UserExample.second);\n        ctx.gameService.addPlayer(UserExample.third);\n\n        ctx.gameService.startRequest(UserExample.first);\n        ctx.gameService.startRequest(UserExample.third);\n             \n        const events = ctx.eventDispatcher.dispatchedEvents;\n\n        assert.equal(events.length, 4);\n        assert.equal(events[0].type, EventType.GAME_CREATED);\n        assert.equal(events[1].type, EventType.PLAYER_JOINED);\n        assert.equal(events[2].type, EventType.PLAYER_JOINED);\n        assert.equal(events[3].type, EventType.PLAYER_JOINED);\n    })\n\n    it ('changes the game state when all users start the game', () => {\n        ctx.startGame();\n\n        const updatedGame = ctx.gameRepositorySpy.persistedGames[0];\n        assert.equal(updatedGame.state, \"STARTED\");\n    })\n\n    it ('sends the event when game is started', () => {\n        ctx.startGame();\n\n        const events = ctx.eventDispatcher.dispatchedEvents;\n        assert.equal(events[4].type, EventType.GAME_STARTED);\n        assert.equal(events[4].data.gameId, \"id1\")\n    })\n\n    it ('sets turn to the current user', () => {\n        ctx.randomResult = 5\n        const expectedTurn = {\n            userId: UserExample.first.userId,\n            actionPoints: 3, \n            stepPoints: ctx.randomResult\n        }\n        ctx.startGame();\n        \n        const game = ctx.gameRepositorySpy.persistedGames[0];\n        const event = ctx.eventDispatcher.dispatchedEvents[4];\n\n        assert.deepEqual(game.currentTurn, expectedTurn);\n        assert.deepEqual(event.data.turn, expectedTurn);\n    })\n})"]},"_coverageSchema":"1a1c01bbd47fc00a2c39e90264f33305004495a9","hash":"1d6adac89a3a77fb8fe13f12803147854591a75d","contentHash":"8c6fe05e515395ef6e0cf1db3472cb4ea77c6e08d4274567307ba01dc8493177"},"/home/marek/Projects/tomb_racer/back-end/tests/Game/rnd.test.ts":{"path":"/home/marek/Projects/tomb_racer/back-end/tests/Game/rnd.test.ts","statementMap":{"0":{"start":{"line":2,"column":22},"end":{"line":4,"column":1}},"1":{"start":{"line":3,"column":4},"end":{"line":3,"column":62}},"2":{"start":{"line":5,"column":0},"end":{"line":5,"column":62}},"3":{"start":{"line":6,"column":0},"end":{"line":6,"column":17}},"4":{"start":{"line":7,"column":17},"end":{"line":7,"column":51}},"5":{"start":{"line":8,"column":14},"end":{"line":8,"column":55}},"6":{"start":{"line":9,"column":0},"end":{"line":15,"column":3}},"7":{"start":{"line":10,"column":4},"end":{"line":14,"column":7}},"8":{"start":{"line":11,"column":20},"end":{"line":11,"column":39}},"9":{"start":{"line":12,"column":8},"end":{"line":12,"column":47}},"10":{"start":{"line":13,"column":8},"end":{"line":13,"column":47}}},"fnMap":{"0":{"name":"(anonymous_0)","decl":{"start":{"line":2,"column":56},"end":{"line":2,"column":57}},"loc":{"start":{"line":2,"column":71},"end":{"line":4,"column":1}},"line":2},"1":{"name":"(anonymous_1)","decl":{"start":{"line":9,"column":16},"end":{"line":9,"column":17}},"loc":{"start":{"line":9,"column":22},"end":{"line":15,"column":1}},"line":9},"2":{"name":"(anonymous_2)","decl":{"start":{"line":10,"column":29},"end":{"line":10,"column":30}},"loc":{"start":{"line":10,"column":35},"end":{"line":14,"column":5}},"line":10}},"branchMap":{"0":{"loc":{"start":{"line":2,"column":22},"end":{"line":4,"column":1}},"type":"binary-expr","locations":[{"start":{"line":2,"column":23},"end":{"line":2,"column":27}},{"start":{"line":2,"column":31},"end":{"line":2,"column":51}},{"start":{"line":2,"column":56},"end":{"line":4,"column":1}}],"line":2},"1":{"loc":{"start":{"line":3,"column":11},"end":{"line":3,"column":61}},"type":"cond-expr","locations":[{"start":{"line":3,"column":37},"end":{"line":3,"column":40}},{"start":{"line":3,"column":43},"end":{"line":3,"column":61}}],"line":3},"2":{"loc":{"start":{"line":3,"column":12},"end":{"line":3,"column":33}},"type":"binary-expr","locations":[{"start":{"line":3,"column":12},"end":{"line":3,"column":15}},{"start":{"line":3,"column":19},"end":{"line":3,"column":33}}],"line":3}},"s":{"0":1,"1":2,"2":1,"3":1,"4":1,"5":1,"6":1,"7":1,"8":1,"9":1,"10":1},"f":{"0":2,"1":1,"2":1},"b":{"0":[1,1,1],"1":[1,1],"2":[2,2]},"inputSourceMap":{"version":3,"file":"/home/marek/Projects/tomb_racer/back-end/tests/Game/rnd.test.ts","sources":["/home/marek/Projects/tomb_racer/back-end/tests/Game/rnd.test.ts"],"names":[],"mappings":";;;;;AAAA,iBAAe;AACf,oDAA4B;AAC5B,wDAAgC;AAEhC,QAAQ,CAAC,KAAK,EAAE,GAAG,EAAE;IACjB,EAAE,CAAE,oBAAoB,EAAE,GAAG,EAAE;QAC3B,MAAM,GAAG,GAAG,aAAG,CAAC,CAAC,EAAE,CAAC,CAAC,CAAC;QAEtB,gBAAM,CAAC,KAAK,CAAC,IAAI,EAAE,GAAG,IAAI,CAAC,CAAC,CAAC;QAC7B,gBAAM,CAAC,KAAK,CAAC,IAAI,EAAE,GAAG,IAAI,CAAC,CAAC,CAAC;IACjC,CAAC,CAAC,CAAA;AACN,CAAC,CAAC,CAAA","sourcesContent":["import 'mocha';\nimport assert from 'assert';\nimport rnd from '../../src/rnd';\n\ndescribe('rnd', () => {\n    it ('result is in ragne', () => {\n        const res = rnd(1, 6);\n\n        assert.equal(true, res >= 1);\n        assert.equal(true, res <= 6);\n    })\n})\n\n"]},"_coverageSchema":"1a1c01bbd47fc00a2c39e90264f33305004495a9","hash":"7c361fc80c2a0f331bc853cdf4f1466564f7f2e9","contentHash":"59a91fe6bb0651d936777d75ab702572f713b02d4c6e163204e5d724ebc2bb57"},"/home/marek/Projects/tomb_racer/back-end/src/rnd.ts":{"path":"/home/marek/Projects/tomb_racer/back-end/src/rnd.ts","statementMap":{"0":{"start":{"line":2,"column":0},"end":{"line":2,"column":62}},"1":{"start":{"line":3,"column":12},"end":{"line":6,"column":1}},"2":{"start":{"line":4,"column":19},"end":{"line":4,"column":32}},"3":{"start":{"line":5,"column":4},"end":{"line":5,"column":50}},"4":{"start":{"line":7,"column":0},"end":{"line":7,"column":22}}},"fnMap":{"0":{"name":"(anonymous_0)","decl":{"start":{"line":3,"column":12},"end":{"line":3,"column":13}},"loc":{"start":{"line":3,"column":28},"end":{"line":6,"column":1}},"line":3}},"branchMap":{},"s":{"0":1,"1":1,"2":1,"3":1,"4":1},"f":{"0":1},"b":{},"inputSourceMap":{"version":3,"file":"/home/marek/Projects/tomb_racer/back-end/src/rnd.ts","sources":["/home/marek/Projects/tomb_racer/back-end/src/rnd.ts"],"names":[],"mappings":";;AACA,MAAM,GAAG,GAAG,CAAC,KAAa,EAAE,GAAW,EAAE,EAAE;IACvC,MAAM,MAAM,GAAG,IAAI,CAAC,MAAM,EAAE,CAAC;IAE7B,OAAO,KAAK,GAAG,IAAI,CAAC,KAAK,CAAC,CAAC,GAAG,GAAE,CAAC,CAAC,GAAG,MAAM,CAAC,CAAA;AAChD,CAAC,CAAA;AAED,kBAAe,GAAG,CAAC","sourcesContent":["\nconst rnd = (start: number, end: number) => {        \n    const random = Math.random();\n\n    return start + Math.round((end -1) * random)\n}\n\nexport default rnd;"]},"_coverageSchema":"1a1c01bbd47fc00a2c39e90264f33305004495a9","hash":"9168c1f65745cce5b05ffb077bb55a67591fd12e","contentHash":"69f169b269dfb96962e6a2d5a9791f63765a02c9929ee6361ac5b5a901180324"}}